{"target": 3.736217767006611e-05, "params": {"baseflow": 5.090009246024359, "fff": 2.0615584857244698, "fmax": 0.6875277499742353, "frootleaf": 0.20851167051877934, "leaflong": 0.7361637828301153, "slatop": 0.009848213267889636, "slopebeta": -767.7253425620061}, "datetime": {"datetime": "2024-04-15 11:13:50", "elapsed": 8432.055408, "delta": 137.723262}}
{"target": 4.7397232284607666e-05, "params": {"baseflow": 4.566830130436904, "fff": 2.159303787818263, "fmax": 0.3833151754633244, "frootleaf": 0.9447030694234974, "leaflong": 1.9773358080092676, "slatop": 0.03295380031929768, "slopebeta": -160.1412602101168}, "datetime": {"datetime": "2024-04-15 11:16:07", "elapsed": 8569.838214, "delta": 137.782806}}
{"target": 9.160470538617556e-05, "params": {"baseflow": 4.300811072353953, "fff": 0.23467186786784844, "fmax": 0.5876607951120817, "frootleaf": 1.5479598177846954, "leaflong": 1.478247894014807, "slatop": 0.030339345743054046, "slopebeta": -492.9739390569236}, "datetime": {"datetime": "2024-04-15 11:18:20", "elapsed": 8702.531883, "delta": 132.693669}}
{"target": 0.00011116813910580185, "params": {"baseflow": 6.347986662928768, "fff": 3.4939877565536865, "fmax": 0.17001773551455185, "frootleaf": 1.5885044569022613, "leaflong": 0.3425176422929648, "slatop": 0.016335855802329526, "slopebeta": -12.845565529387727}, "datetime": {"datetime": "2024-04-15 11:20:38", "elapsed": 8840.372507, "delta": 137.840624}}
{"target": 3.578618077838905e-05, "params": {"baseflow": 4.552931672895932, "fff": 0.9962256881483714, "fmax": 0.2782614455934723, "frootleaf": 0.6547386554392941, "leaflong": 1.8120309317781578, "slatop": 0.0318670699099624, "slopebeta": -165.34666043468906}, "datetime": {"datetime": "2024-04-15 11:22:56", "elapsed": 8978.072791, "delta": 137.700284}}
{"target": 0.0004434406203803303, "params": {"baseflow": 3.6931604353434846, "fff": 2.3486737106181894, "fmax": 0.2241673945535412, "frootleaf": 1.6632729900222436, "leaflong": 1.6476632876445703, "slatop": 0.012607160953633458, "slopebeta": -735.721705760606}, "datetime": {"datetime": "2024-04-15 11:25:08", "elapsed": 9110.782755, "delta": 132.709964}}
{"target": 9.252683848515149e-08, "params": {"baseflow": 5.883963711702471, "fff": 3.452937551163888, "fmax": 0.6442376267414, "frootleaf": 0.6176700391869412, "leaflong": 0.5713848076429593, "slatop": 0.016859661089759063, "slopebeta": -357.3954934772578}, "datetime": {"datetime": "2024-04-15 11:27:31", "elapsed": 9253.549951, "delta": 142.767196}}
{"target": 0.00016327587031044987, "params": {"baseflow": 8.233481215822083, "fff": 4.309656434802332, "fmax": 0.12798749208318644, "frootleaf": 1.1996656485978923, "leaflong": 1.122272036467536, "slatop": 0.03367403963071755, "slopebeta": -858.0963668115448}, "datetime": {"datetime": "2024-04-15 11:29:44", "elapsed": 9386.314876, "delta": 132.764925}}
{"target": 1.852608729386863e-07, "params": {"baseflow": 2.904313504367151, "fff": 3.045181519634481, "fmax": 0.674571670459617, "frootleaf": 0.905001046997174, "leaflong": 0.4037146897664807, "slatop": 0.0345965291666005, "slopebeta": -758.2306061634371}, "datetime": {"datetime": "2024-04-15 11:31:57", "elapsed": 9519.105653, "delta": 132.790777}}
{"target": 2.0184985593492977e-05, "params": {"baseflow": 7.6717549246650565, "fff": 1.5174840807115735, "fmax": 0.16327155190192139, "frootleaf": 1.3752616566646814, "leaflong": 1.7507162539653744, "slatop": 0.004657025194204163, "slopebeta": -595.9832596479199}, "datetime": {"datetime": "2024-04-15 11:43:48", "elapsed": 0.0, "delta": 0.0}}
{"target": 0.0003432176880757695, "params": {"baseflow": 4.729089053074209, "fff": 1.0759615718423743, "fmax": 0.5589717699858394, "frootleaf": 1.914475476764749, "leaflong": 0.37401216032908324, "slatop": 0.006363424967113699, "slopebeta": -597.2798921948631}, "datetime": {"datetime": "2024-04-15 11:46:06", "elapsed": 137.870049, "delta": 137.870049}}
{"target": 6.641949821638655e-05, "params": {"baseflow": 5.0426462222826665, "fff": 3.019315838122877, "fmax": 0.522386230113931, "frootleaf": 1.9112044064807776, "leaflong": 1.0845462196631417, "slatop": 0.03484663954119504, "slopebeta": -916.5925581268334}, "datetime": {"datetime": "2024-04-15 11:48:44", "elapsed": 295.629771, "delta": 157.759722}}
{"target": 1.4510240436948232e-05, "params": {"baseflow": 8.70838328367235, "fff": 3.5423505617393065, "fmax": 0.24540952034066993, "frootleaf": 1.4051924708381502, "leaflong": 1.5815805072985742, "slatop": 0.0326671986215652, "slopebeta": -949.5269956441495}, "datetime": {"datetime": "2024-04-15 11:50:57", "elapsed": 428.442196, "delta": 132.812425}}
{"target": 1.4597037418017477e-05, "params": {"baseflow": 8.24096037836726, "fff": 2.3566315527004273, "fmax": 0.4714714138268154, "frootleaf": 0.03528018486438507, "leaflong": 0.356341696823719, "slatop": 0.006923431970507608, "slopebeta": -342.8708095179581}, "datetime": {"datetime": "2024-04-15 11:53:19", "elapsed": 571.200682, "delta": 142.758486}}
{"target": 5.654627043108545e-05, "params": {"baseflow": 1.6805356904119093, "fff": 3.1248691421558363, "fmax": 0.21381132295857808, "frootleaf": 0.9736047984429567, "leaflong": 1.525894134199608, "slatop": 0.012285303764440514, "slopebeta": -146.21616416835656}, "datetime": {"datetime": "2024-04-15 11:55:37", "elapsed": 708.952303, "delta": 137.751621}}
{"target": 0.00031335545005926636, "params": {"baseflow": 3.744340586777742, "fff": 2.4086021300219156, "fmax": 0.21842987719447354, "frootleaf": 1.0579387372601319, "leaflong": 0.45953366804272217, "slatop": 0.006851683407255915, "slopebeta": -917.0513413411694}, "datetime": {"datetime": "2024-04-15 11:58:00", "elapsed": 851.766715, "delta": 142.814412}}
{"target": 4.9974803968206095e-08, "params": {"baseflow": 9.952028628824097, "fff": 3.841239423831873, "fmax": 0.2615223455942414, "frootleaf": 0.7096572188426864, "leaflong": 1.6641825384838285, "slatop": 0.022828192763006294, "slopebeta": -841.09915287282}, "datetime": {"datetime": "2024-04-15 12:02:33", "elapsed": 1124.666231, "delta": 272.899516}}
{"target": 0.00013022358383316275, "params": {"baseflow": 4.583824791774592, "fff": 1.796471941772924, "fmax": 0.6998611790973115, "frootleaf": 0.3772131430408612, "leaflong": 0.5571909433291906, "slatop": 0.032596367986940544, "slopebeta": -346.9330029946839}, "datetime": {"datetime": "2024-04-15 12:08:18", "elapsed": 1470.25498, "delta": 345.588749}}
{"target": 2.928410262260887e-05, "params": {"baseflow": 1.8372510725390316, "fff": 1.1382778313406792, "fmax": 0.6297462971678691, "frootleaf": 1.2499517587740026, "leaflong": 0.8430915823529112, "slatop": 0.04, "slopebeta": -233.4089677826701}, "datetime": {"datetime": "2024-04-15 12:12:21", "elapsed": 1713.174982, "delta": 242.920002}}
{"target": 7.470999009354988e-08, "params": {"baseflow": 6.015770851195665, "fff": 0.3389053481307195, "fmax": 0.423354105267465, "frootleaf": 0.9102590638826493, "leaflong": 1.639922439315269, "slatop": 0.0393372316211175, "slopebeta": -172.68347475240816}, "datetime": {"datetime": "2024-04-15 12:16:59", "elapsed": 1991.093589, "delta": 277.918607}}
{"target": 6.139717618778314e-05, "params": {"baseflow": 9.97803096387969, "fff": 4.464618130035889, "fmax": 0.29420873119876845, "frootleaf": 0.4316244129609548, "leaflong": 1.2225656861391325, "slatop": 0.011177792000105075, "slopebeta": -722.9486518908038}, "datetime": {"datetime": "2024-04-15 12:21:07", "elapsed": 2239.121573, "delta": 248.027984}}
{"target": 1.9911976528305802e-05, "params": {"baseflow": 9.645551421964845, "fff": 1.864935078591938, "fmax": 0.47564759005757695, "frootleaf": 0.2953477972170528, "leaflong": 0.3490568357682044, "slatop": 0.009064730280645342, "slopebeta": -43.40497524504576}, "datetime": {"datetime": "2024-04-15 12:25:35", "elapsed": 2506.944978, "delta": 267.823405}}
{"target": 0.00029264866803947715, "params": {"baseflow": 5.534326465019951, "fff": 0.9662531629288335, "fmax": 0.3728452865068008, "frootleaf": 0.5851610127908463, "leaflong": 1.4275832036216731, "slatop": 0.032747493000048034, "slopebeta": -497.22122365226966}, "datetime": {"datetime": "2024-04-15 12:30:44", "elapsed": 2815.623778, "delta": 308.6788}}
{"target": 7.849444427219958e-05, "params": {"baseflow": 8.91227637641476, "fff": 3.0836774451514106, "fmax": 0.13910829884553583, "frootleaf": 1.267571350584021, "leaflong": 0.5989709539771592, "slatop": 0.04, "slopebeta": -983.3386886438442}, "datetime": {"datetime": "2024-04-15 12:35:02", "elapsed": 3073.501422, "delta": 257.877644}}
{"target": 0.00031287045729536713, "params": {"baseflow": 5.623142658601806, "fff": 4.301031178635561, "fmax": 0.18089555705202173, "frootleaf": 1.7744988512137871, "leaflong": 0.882297107452354, "slatop": 0.029229671473675223, "slopebeta": -630.5697560576453}, "datetime": {"datetime": "2024-04-15 12:39:00", "elapsed": 3312.014686, "delta": 238.513264}}
{"target": 8.343157307014476e-05, "params": {"baseflow": 2.946464918652325, "fff": 2.688745572402177, "fmax": 0.558338924817694, "frootleaf": 0.37475466431181276, "leaflong": 1.3492045596279942, "slatop": 0.019732035382262925, "slopebeta": -672.0108217698614}, "datetime": {"datetime": "2024-04-15 12:43:03", "elapsed": 3554.896121, "delta": 242.881435}}
{"target": 3.3735560997453585e-05, "params": {"baseflow": 3.25752917841808, "fff": 3.1470047679475233, "fmax": 0.47718923246548794, "frootleaf": 1.3009211924151018, "leaflong": 1.3650155228046847, "slatop": 0.0058958198067673604, "slopebeta": -971.0991376547128}, "datetime": {"datetime": "2024-04-15 12:47:01", "elapsed": 3792.801375, "delta": 237.905254}}
{"target": 0.000253427684595458, "params": {"baseflow": 6.005236479355716, "fff": 1.6346411665342413, "fmax": 0.12691195280458187, "frootleaf": 0.8921460963457363, "leaflong": 0.4636101332720941, "slatop": 0.020588116125582395, "slopebeta": -362.7583642763316}, "datetime": {"datetime": "2024-04-15 12:50:29", "elapsed": 4000.65382, "delta": 207.852445}}
{"target": 4.1221060846492345e-05, "params": {"baseflow": 2.0532680844548725, "fff": 4.059761794189001, "fmax": 0.13173906610779154, "frootleaf": 1.4990190055994872, "leaflong": 1.069517995392532, "slatop": 0.005303235259677801, "slopebeta": -280.8338652816859}, "datetime": {"datetime": "2024-04-15 12:53:32", "elapsed": 4183.566082, "delta": 182.912262}}
{"target": 1.125757558139582e-05, "params": {"baseflow": 3.100443608135045, "fff": 2.0788761047816022, "fmax": 0.30219061224337357, "frootleaf": 0.736029207811786, "leaflong": 1.7242856750975963, "slatop": 0.02610694939835107, "slopebeta": -143.0225617081967}, "datetime": {"datetime": "2024-04-15 12:57:10", "elapsed": 4401.495628, "delta": 217.929546}}
{"target": 4.450208678270025e-06, "params": {"baseflow": 8.14472592952733, "fff": 0.9231473550197318, "fmax": 0.5718666423149543, "frootleaf": 1.3469614811625632, "leaflong": 1.729097827288813, "slatop": 0.022453950553070583, "slopebeta": -317.94540464013375}, "datetime": {"datetime": "2024-04-15 12:59:53", "elapsed": 4564.921299, "delta": 163.425671}}
{"target": 0.00015726868389969012, "params": {"baseflow": 1.7104807562700042, "fff": 0.8570423958131285, "fmax": 0.3650853364544542, "frootleaf": 1.5116295104551392, "leaflong": 0.410690356109147, "slatop": 0.021868508473834876, "slopebeta": -804.5093801336569}, "datetime": {"datetime": "2024-04-15 13:02:36", "elapsed": 4727.731457, "delta": 162.810158}}
{"target": 7.282780726070256e-06, "params": {"baseflow": 8.032786435936355, "fff": 1.4000349863037722, "fmax": 0.5915951444992811, "frootleaf": 0.09508761095421246, "leaflong": 0.8510032255268545, "slatop": 0.01754178070045486, "slopebeta": -577.1024552381389}, "datetime": {"datetime": "2024-04-15 13:05:29", "elapsed": 4900.638155, "delta": 172.906698}}
{"target": 0.001174396302917286, "params": {"baseflow": 3.2605916705087137, "fff": 0.34188819573589013, "fmax": 0.4951157147279825, "frootleaf": 0.9548462690643151, "leaflong": 1.0607335126997923, "slatop": 0.036861104069490926, "slopebeta": -886.9244775717555}, "datetime": {"datetime": "2024-04-15 13:08:12", "elapsed": 5063.526009, "delta": 162.887854}}
{"target": 0.0013024811411510287, "params": {"baseflow": 2.076922762056891, "fff": 0.2657649860912741, "fmax": 0.6322444050118481, "frootleaf": 1.2411034294817818, "leaflong": 1.390975505228184, "slatop": 0.03386604808317449, "slopebeta": -650.2318694648668}, "datetime": {"datetime": "2024-04-15 13:10:44", "elapsed": 5216.298037, "delta": 152.772028}}
{"target": 8.830463808212762e-05, "params": {"baseflow": 3.9488800375464352, "fff": 0.49691796354197604, "fmax": 0.15068376130259573, "frootleaf": 1.8728689618364833, "leaflong": 1.9039478964190648, "slatop": 0.020478296649600554, "slopebeta": -270.5585713203893}, "datetime": {"datetime": "2024-04-15 13:13:23", "elapsed": 5374.327892, "delta": 158.029855}}
{"target": 0.000360017736165328, "params": {"baseflow": 5.175008566924921, "fff": 0.8612518515737078, "fmax": 0.3663831899737552, "frootleaf": 0.44425070377771586, "leaflong": 0.43148911278773655, "slatop": 0.03155977880926434, "slopebeta": -986.0506564811686}, "datetime": {"datetime": "2024-04-15 13:16:35", "elapsed": 5567.153336, "delta": 192.825444}}
{"target": 9.231602200357222e-05, "params": {"baseflow": 8.856785441672466, "fff": 2.6485021803618753, "fmax": 0.6875991228078459, "frootleaf": 1.646451351972843, "leaflong": 0.8232565343314349, "slatop": 0.013386236892401248, "slopebeta": -432.68860376616476}, "datetime": {"datetime": "2024-04-15 13:19:08", "elapsed": 5720.013601, "delta": 152.860265}}
{"target": 5.364414128266109e-05, "params": {"baseflow": 1.1567427705856275, "fff": 2.4786577833193397, "fmax": 0.1662930098093006, "frootleaf": 0.9873298406020922, "leaflong": 0.9938689683316956, "slatop": 0.02006183458691448, "slopebeta": -188.74610102438803}, "datetime": {"datetime": "2024-04-15 13:21:36", "elapsed": 5867.830286, "delta": 147.816685}}
{"target": 1.5684817833151854e-07, "params": {"baseflow": 3.4893799487533004, "fff": 2.2147608753042505, "fmax": 0.18217786804911246, "frootleaf": 1.1455532975667202, "leaflong": 0.8128137757873279, "slatop": 0.022468619828746244, "slopebeta": -590.8210017838577}, "datetime": {"datetime": "2024-04-15 13:24:24", "elapsed": 6035.623336, "delta": 167.79305}}
{"target": 6.198999938977989e-08, "params": {"baseflow": 9.345699680297688, "fff": 4.114775005012046, "fmax": 0.11504870847899268, "frootleaf": 0.6519835587226586, "leaflong": 0.36594028836762826, "slatop": 0.017682612073783147, "slopebeta": -789.86137024223}, "datetime": {"datetime": "2024-04-15 13:27:32", "elapsed": 6223.5153, "delta": 187.891964}}
{"target": 6.545902721201656e-05, "params": {"baseflow": 3.083454379806735, "fff": 0.8434144496274222, "fmax": 0.41738390168236245, "frootleaf": 0.9417619400401027, "leaflong": 1.3417273419449973, "slatop": 0.03992828493429198, "slopebeta": -794.8315804989999}, "datetime": {"datetime": "2024-04-15 13:29:55", "elapsed": 6366.336635, "delta": 142.821335}}
{"target": 0.00032515754427695734, "params": {"baseflow": 7.347422019200157, "fff": 4.385304859045239, "fmax": 0.6756869471925745, "frootleaf": 0.7840485519668451, "leaflong": 0.3949097951994627, "slatop": 0.019487646110292037, "slopebeta": -341.91316988809626}, "datetime": {"datetime": "2024-04-15 13:32:22", "elapsed": 6514.209097, "delta": 147.872462}}
{"target": 0.0006605697505118774, "params": {"baseflow": 6.996529417015042, "fff": 1.524285566648404, "fmax": 0.5982604447404127, "frootleaf": 0.20303805273912595, "leaflong": 1.5785215004619888, "slatop": 0.03208638206055117, "slopebeta": -146.83132948380648}, "datetime": {"datetime": "2024-04-15 13:35:50", "elapsed": 6721.992454, "delta": 207.783357}}
{"target": 7.447168458194223e-06, "params": {"baseflow": 5.974416377503447, "fff": 2.614327895833081, "fmax": 0.5604674919176069, "frootleaf": 1.582306495709258, "leaflong": 0.6312315885330984, "slatop": 0.03811956501704759, "slopebeta": -597.7028642310543}, "datetime": {"datetime": "2024-04-15 13:39:03", "elapsed": 6914.831592, "delta": 192.839138}}
{"target": 0.00014569810329732668, "params": {"baseflow": 8.716771281972166, "fff": 0.571465540372971, "fmax": 0.5419245490085559, "frootleaf": 1.1786252168683864, "leaflong": 0.8212438167067753, "slatop": 0.034637666117016803, "slopebeta": -473.9290528833193}, "datetime": {"datetime": "2024-04-15 20:08:55", "elapsed": 0.0, "delta": 0.0}}
{"target": 0.00014230107017497136, "params": {"baseflow": 4.7290890173850695, "fff": 1.075961545272858, "fmax": 0.5589717690309426, "frootleaf": 1.9144754761856655, "leaflong": 0.3740121493195808, "slatop": 0.006363424739361717, "slopebeta": -597.2793400320684}, "datetime": {"datetime": "2024-04-15 20:11:13", "elapsed": 138.422022, "delta": 138.422022}}
{"target": 3.59888229638935e-05, "params": {"baseflow": 5.042646099813701, "fff": 3.0193157891910576, "fmax": 0.522386225726071, "frootleaf": 1.9112044042871266, "leaflong": 1.08454619704731, "slatop": 0.03484663941388382, "slopebeta": -916.5920255079558}, "datetime": {"datetime": "2024-04-15 20:13:26", "elapsed": 271.272789, "delta": 132.850767}}
{"target": 2.5029892133359683e-05, "params": {"baseflow": 8.70838326698532, "fff": 3.542350542907221, "fmax": 0.24540951446759326, "frootleaf": 1.405192463153541, "leaflong": 1.5815805018928082, "slatop": 0.03266719852682915, "slopebeta": -949.5264500935159}, "datetime": {"datetime": "2024-04-15 20:15:49", "elapsed": 414.081168, "delta": 142.808379}}
{"target": 6.739101411064655e-08, "params": {"baseflow": 8.682452943608139, "fff": 3.261348203088122, "fmax": 0.14034764854497533, "frootleaf": 0.11142039122793604, "leaflong": 0.4894438281157719, "slatop": 0.005233835720423489, "slopebeta": -641.8786755003499}, "datetime": {"datetime": "2024-04-15 20:18:12", "elapsed": 557.334189, "delta": 143.253021}}
{"target": 8.61467945507352e-06, "params": {"baseflow": 1.680535465982612, "fff": 3.124869091571534, "fmax": 0.213811309842952, "frootleaf": 0.9736047707544968, "leaflong": 1.5258941214099329, "slatop": 0.012285303016797448, "slopebeta": -146.21560382396552}, "datetime": {"datetime": "2024-04-15 20:20:55", "elapsed": 720.335323, "delta": 163.001134}}
{"target": 2.29600776950438e-06, "params": {"baseflow": 9.757405277413564, "fff": 1.657346630867579, "fmax": 0.11981537003774845, "frootleaf": 1.0728760007177651, "leaflong": 1.0092947183625334, "slatop": 0.03585777603107112, "slopebeta": -122.84998061044844}, "datetime": {"datetime": "2024-04-15 20:24:03", "elapsed": 908.513947, "delta": 188.178624}}
{"target": 5.515196760629725e-06, "params": {"baseflow": 9.952014138941705, "fff": 3.840889417066203, "fmax": 0.2613899022329522, "frootleaf": 0.7092674673161615, "leaflong": 1.6640811039114256, "slatop": 0.02282300597219261, "slopebeta": -841.1098394719627}, "datetime": {"datetime": "2024-04-15 20:26:21", "elapsed": 1046.393563, "delta": 137.879616}}
{"target": 0.00010983052142229, "params": {"baseflow": 4.575933910216926, "fff": 1.7882473178641412, "fmax": 0.6918232249720465, "frootleaf": 0.36875239920197594, "leaflong": 0.5487053586175894, "slatop": 0.02389768170923677, "slopebeta": -346.93553840080426}, "datetime": {"datetime": "2024-04-15 20:28:39", "elapsed": 1184.593396, "delta": 138.199833}}
{"target": 1.5106447901427778e-06, "params": {"baseflow": 1.8253080161301694, "fff": 1.1263347738890257, "fmax": 0.6178032398488223, "frootleaf": 1.238008701322349, "leaflong": 0.8311485250451396, "slatop": 0.03537931187795518, "slopebeta": -233.42091084986654}, "datetime": {"datetime": "2024-04-15 20:30:52", "elapsed": 1317.437307, "delta": 132.843911}}
{"target": 0.0003407743652957167, "params": {"baseflow": 6.138109675843751, "fff": 0.9884167172439843, "fmax": 0.44863949498276223, "frootleaf": 0.5137036347160884, "leaflong": 0.3518096914588578, "slatop": 0.01710982207709042, "slopebeta": -643.9423959546832}, "datetime": {"datetime": "2024-04-15 20:33:10", "elapsed": 1455.21906, "delta": 137.781753}}
{"target": 0.00016557150050965924, "params": {"baseflow": 5.252337377852665, "fff": 2.393058967757987, "fmax": 0.1309508143905537, "frootleaf": 1.861772423108471, "leaflong": 1.9670366507721908, "slatop": 0.02290116473334614, "slopebeta": -546.0565749269368}, "datetime": {"datetime": "2024-04-15 20:35:18", "elapsed": 1583.104755, "delta": 127.885695}}
{"target": 6.801136453647397e-05, "params": {"baseflow": 2.2033644769285043, "fff": 3.966088475273235, "fmax": 0.27821939498633147, "frootleaf": 1.396933958851747, "leaflong": 1.2774983093503265, "slatop": 0.032994186076560815, "slopebeta": -869.9904893644452}, "datetime": {"datetime": "2024-04-15 20:37:31", "elapsed": 1715.921459, "delta": 132.816704}}
{"target": 0.00032746887210285074, "params": {"baseflow": 5.535397989618845, "fff": 0.9673218616607356, "fmax": 0.3738897395790671, "frootleaf": 0.5862125877499129, "leaflong": 1.4286292627040786, "slatop": 0.03378985350409788, "slopebeta": -497.2199453202524}, "datetime": {"datetime": "2024-04-15 20:40:03", "elapsed": 1868.840848, "delta": 152.919389}}
{"target": 0.0006134089589706596, "params": {"baseflow": 0.44774131069659995, "fff": 2.4982831795662355, "fmax": 0.15399417808610374, "frootleaf": 1.769244965252548, "leaflong": 0.6953971495406236, "slatop": 0.010524421562689745, "slopebeta": -747.1809206256607}, "datetime": {"datetime": "2024-04-15 20:42:26", "elapsed": 2011.731262, "delta": 142.890414}}
{"target": 0.0004645111379818486, "params": {"baseflow": 5.623142733181906, "fff": 4.301031190545742, "fmax": 0.18089556589737776, "frootleaf": 1.774498855056247, "leaflong": 0.8822971264976158, "slatop": 0.029229671657197812, "slopebeta": -630.5690460869482}, "datetime": {"datetime": "2024-04-15 20:44:44", "elapsed": 2149.638101, "delta": 137.906839}}
{"target": 0.00015513701750432827, "params": {"baseflow": 2.4416612394579165, "fff": 1.9025259979491567, "fmax": 0.4573453986142969, "frootleaf": 0.20271240897501525, "leaflong": 0.3838951084211412, "slatop": 0.02552381549254694, "slopebeta": -214.3712671553135}, "datetime": {"datetime": "2024-04-15 20:47:27", "elapsed": 2312.502332, "delta": 162.864231}}
