{"target": 0.12606544014585863, "params": {"fmax": 0.14578497362437431}, "datetime": {"datetime": "2024-03-15 13:06:39", "elapsed": 0.0, "delta": 0.0}}
{"target": 0.12606544014585863, "params": {"fmax": 0.5679512753440688}, "datetime": {"datetime": "2024-03-15 13:09:20", "elapsed": 161.19468, "delta": 161.19468}}
{"target": 0.12606544014585863, "params": {"fmax": 0.36304553886453605}, "datetime": {"datetime": "2024-03-15 13:11:50", "elapsed": 311.413807, "delta": 150.219127}}
{"target": 0.12606544014585863, "params": {"fmax": 0.5340791066985647}, "datetime": {"datetime": "2024-03-15 13:14:20", "elapsed": 461.62025, "delta": 150.206443}}
{"target": 0.12606544014585863, "params": {"fmax": 0.6867937071979615}, "datetime": {"datetime": "2024-03-15 13:16:51", "elapsed": 612.248408, "delta": 150.628158}}
{"target": 0.12606544014585863, "params": {"fmax": 0.4230975222462602}, "datetime": {"datetime": "2024-03-15 13:19:21", "elapsed": 762.466262, "delta": 150.217854}}
{"target": 0.12606544014585863, "params": {"fmax": 0.40067227819596274}, "datetime": {"datetime": "2024-03-15 13:22:11", "elapsed": 932.706225, "delta": 170.239963}}
{"target": 0.12606544014585863, "params": {"fmax": 0.14323068001585693}, "datetime": {"datetime": "2024-03-15 13:24:41", "elapsed": 1082.908429, "delta": 150.202204}}
{"target": 0.12606544014585863, "params": {"fmax": 0.2610633880611227}, "datetime": {"datetime": "2024-03-15 13:27:12", "elapsed": 1233.54617, "delta": 150.637741}}
{"target": 0.12606544014585863, "params": {"fmax": 0.39992950049533593}, "datetime": {"datetime": "2024-03-15 13:29:53", "elapsed": 1394.016249, "delta": 160.470079}}
{"target": 0.12606544014585863, "params": {"fmax": 0.4646019570862465}, "datetime": {"datetime": "2024-03-15 13:32:23", "elapsed": 1544.907686, "delta": 150.891437}}
{"target": 0.12606544014585863, "params": {"fmax": 0.6470204983363657}, "datetime": {"datetime": "2024-03-15 13:34:54", "elapsed": 1695.373689, "delta": 150.466003}}
{"target": 0.12606544014585863, "params": {"fmax": 0.18540606072679516}, "datetime": {"datetime": "2024-03-15 13:37:09", "elapsed": 1830.59778, "delta": 135.224091}}
{"target": 0.12606544014585863, "params": {"fmax": 0.6431252018110887}, "datetime": {"datetime": "2024-03-15 13:39:24", "elapsed": 1965.850721, "delta": 135.252941}}
{"target": 0.12606544014585863, "params": {"fmax": 0.6175961373471771}, "datetime": {"datetime": "2024-03-15 13:41:50", "elapsed": 2111.084314, "delta": 145.233593}}
{"target": 0.12606544014585863, "params": {"fmax": 0.21892794124950568}, "datetime": {"datetime": "2024-03-15 13:44:05", "elapsed": 2246.294544, "delta": 135.21023}}
{"target": 0.12606544014585863, "params": {"fmax": 0.10026420153050536}, "datetime": {"datetime": "2024-03-15 13:46:20", "elapsed": 2381.547455, "delta": 135.252911}}
{"target": 0.12606544014585863, "params": {"fmax": 0.10000003586911482}, "datetime": {"datetime": "2024-03-15 13:48:40", "elapsed": 2521.748719, "delta": 140.201264}}
{"target": 0.12606544014585863, "params": {"fmax": 0.6999558481509034}, "datetime": {"datetime": "2024-03-15 13:51:21", "elapsed": 2682.030061, "delta": 160.281342}}
{"target": 0.12606544014585863, "params": {"fmax": 0.28088508212923036}, "datetime": {"datetime": "2024-03-15 13:53:41", "elapsed": 2822.251782, "delta": 140.221721}}
{"target": 0.12606544014585863, "params": {"fmax": 0.5069587260265508}, "datetime": {"datetime": "2024-03-15 13:56:06", "elapsed": 2967.497716, "delta": 145.245934}}
{"target": 0.12606544014585863, "params": {"fmax": 0.31849205831208577}, "datetime": {"datetime": "2024-03-15 13:58:31", "elapsed": 3112.735574, "delta": 145.237858}}
{"target": 0.12606544014585863, "params": {"fmax": 0.37263660314204794}, "datetime": {"datetime": "2024-03-15 14:01:12", "elapsed": 3272.997421, "delta": 160.261847}}
{"target": 0.12606544014585863, "params": {"fmax": 0.35576909596428896}, "datetime": {"datetime": "2024-03-15 14:03:32", "elapsed": 3413.625223, "delta": 140.627802}}
{"target": 0.12606544014585863, "params": {"fmax": 0.6999238056486935}, "datetime": {"datetime": "2024-03-15 14:05:47", "elapsed": 3548.851844, "delta": 135.226621}}
{"target": 0.12606544014585863, "params": {"fmax": 0.10002585918049292}, "datetime": {"datetime": "2024-03-15 14:08:03", "elapsed": 3684.098808, "delta": 135.246964}}
{"target": 0.12606544014585863, "params": {"fmax": 0.6999894038528527}, "datetime": {"datetime": "2024-03-15 14:10:13", "elapsed": 3814.342021, "delta": 130.243213}}
{"target": 0.12606544014585863, "params": {"fmax": 0.10010474414010323}, "datetime": {"datetime": "2024-03-15 14:12:43", "elapsed": 3964.590294, "delta": 150.248273}}
{"target": 0.12606544014585863, "params": {"fmax": 0.44957475201938024}, "datetime": {"datetime": "2024-03-15 14:15:03", "elapsed": 4104.838196, "delta": 140.247902}}
{"target": 0.12606544014585863, "params": {"fmax": 0.19019353451679583}, "datetime": {"datetime": "2024-03-15 14:17:14", "elapsed": 4235.2674, "delta": 130.429204}}
