{"target": 0.00011961657643643297, "params": {"baseflow": 4.18143985461543, "fff": 3.398285975331863, "fmax": 0.28033846226302506, "frootleaf": 0.27655519295608266, "leaflong": 0.5667404592906531, "slatop": 0.009608660713453933, "slopebeta": -774.460344142447}, "datetime": {"datetime": "2024-04-15 08:53:18", "elapsed": 0.0, "delta": 0.0}}
{"target": 8.505963891543008e-05, "params": {"baseflow": 8.848258030774774, "fff": 4.8271074989577665, "fmax": 0.41556642518801257, "frootleaf": 0.42359040527924646, "leaflong": 0.9598619915864501, "slatop": 0.0318841786578588, "slopebeta": -744.8972299893351}, "datetime": {"datetime": "2024-04-15 08:55:51", "elapsed": 153.376136, "delta": 153.376136}}
{"target": 4.01727270579682e-05, "params": {"baseflow": 3.078218914852063, "fff": 1.4200784239386037, "fmax": 0.24330839642900748, "frootleaf": 0.8771234888387879, "leaflong": 1.9349163148717778, "slatop": 0.028912736730545504, "slopebeta": -44.28867701781371}, "datetime": {"datetime": "2024-04-15 08:58:09", "elapsed": 290.987288, "delta": 137.611152}}
{"target": 6.850946069114633e-07, "params": {"baseflow": 2.331615015868177, "fff": 4.15606067525973, "fmax": 0.4710598884093642, "frootleaf": 1.216384061842028, "leaflong": 1.792012145120966, "slatop": 0.014464158322432663, "slopebeta": -592.5818062823924}, "datetime": {"datetime": "2024-04-15 09:00:21", "elapsed": 423.624624, "delta": 132.637336}}
{"target": 3.190584494174562e-05, "params": {"baseflow": 6.761181692104613, "fff": 4.195970658249397, "fmax": 0.6157084550122147, "frootleaf": 1.6324759253770889, "leaflong": 0.8383232501226285, "slatop": 0.01860418339930142, "slopebeta": -841.9959028146645}, "datetime": {"datetime": "2024-04-15 09:02:39", "elapsed": 561.235587, "delta": 137.610963}}
{"target": 3.822946874168979e-05, "params": {"baseflow": 2.4195966566439617, "fff": 3.435896816575087, "fmax": 0.6630330599806545, "frootleaf": 1.3808436348891464, "leaflong": 1.9865991144017083, "slatop": 0.03647427275820375, "slopebeta": -300.31114758420006}, "datetime": {"datetime": "2024-04-15 09:04:56", "elapsed": 698.855947, "delta": 137.62036}}
{"target": 0.00015349323949797426, "params": {"baseflow": 3.6183719350984935, "fff": 3.6824809829225336, "fmax": 0.6315886014093326, "frootleaf": 0.7856337315330818, "leaflong": 1.8273518890639016, "slatop": 0.022887310348331507, "slopebeta": -124.0575228115514}, "datetime": {"datetime": "2024-04-15 09:07:09", "elapsed": 831.712728, "delta": 132.856781}}
{"target": 9.357710651542609e-05, "params": {"baseflow": 3.329231884292103, "fff": 3.89692023309611, "fmax": 0.2990138193261218, "frootleaf": 1.802895840928824, "leaflong": 1.7623433776213073, "slatop": 0.006673507048925232, "slopebeta": -876.2785470758084}, "datetime": {"datetime": "2024-04-15 09:09:27", "elapsed": 969.407383, "delta": 137.694655}}
{"target": 6.722917388455805e-06, "params": {"baseflow": 3.160356700267183, "fff": 4.55649060359804, "fmax": 0.14900846723795452, "frootleaf": 0.6908601785922581, "leaflong": 0.43930235254498085, "slatop": 0.029566882600290088, "slopebeta": -693.512783591937}, "datetime": {"datetime": "2024-04-15 09:11:35", "elapsed": 1097.016395, "delta": 127.609012}}
{"target": 2.4056101719660504e-05, "params": {"baseflow": 9.717466310859834, "fff": 3.948706933237246, "fmax": 0.43865804306599665, "frootleaf": 0.545724480272035, "leaflong": 0.781427387953262, "slatop": 0.030023827740513043, "slopebeta": -187.25882482638417}, "datetime": {"datetime": "2024-04-15 09:13:42", "elapsed": 1224.634598, "delta": 127.618203}}
{"target": 1.7304290687742295e-05, "params": {"baseflow": 3.1018654941978694, "fff": 3.1398848472270853, "fmax": 0.4025365188539236, "frootleaf": 0.9291236566034086, "leaflong": 1.1510147817098848, "slatop": 0.022110279422920858, "slopebeta": -123.32913356218091}, "datetime": {"datetime": "2024-04-15 09:15:50", "elapsed": 1352.40585, "delta": 127.771252}}
{"target": 0.0002466935809227573, "params": {"baseflow": 4.728293763791893, "fff": 1.0753695023240817, "fmax": 0.5589504912655264, "frootleaf": 1.9144625725936504, "leaflong": 0.3737668268914503, "slatop": 0.006358349789808138, "slopebeta": -597.2856632490325}, "datetime": {"datetime": "2024-04-15 09:17:58", "elapsed": 1480.205571, "delta": 127.799721}}
{"target": 6.643996410992558e-05, "params": {"baseflow": 5.041897647430391, "fff": 3.019016749048269, "fmax": 0.5223594099176093, "frootleaf": 1.9111909980876547, "leaflong": 1.084407983477243, "slatop": 0.0348458613687633, "slopebeta": -916.5983259676882}, "datetime": {"datetime": "2024-04-15 09:20:00", "elapsed": 1602.847634, "delta": 122.642063}}
{"target": 0.0002447920738459316, "params": {"baseflow": 8.708188341182238, "fff": 3.542130560087414, "fmax": 0.24534090942927073, "frootleaf": 1.405102697100008, "leaflong": 1.5815173556400464, "slatop": 0.03266609188878439, "slopebeta": -949.5327228368307}, "datetime": {"datetime": "2024-04-15 09:22:23", "elapsed": 1745.545186, "delta": 142.697552}}
{"target": 9.623138596900052e-07, "params": {"baseflow": 8.240694690231534, "fff": 2.3562322941356024, "fmax": 0.47143689650652654, "frootleaf": 0.034983430465854136, "leaflong": 0.35609343606542065, "slatop": 0.006918436033185938, "slopebeta": -342.8765163730691}, "datetime": {"datetime": "2024-04-15 09:24:36", "elapsed": 1878.201754, "delta": 132.656568}}
{"target": 5.278693642959331e-06, "params": {"baseflow": 1.6792793934489902, "fff": 3.124585984356954, "fmax": 0.21373790508746962, "frootleaf": 0.97344980563014, "leaflong": 1.5258225409170187, "slatop": 0.012281118652585556, "slopebeta": -146.22184242290086}, "datetime": {"datetime": "2024-04-15 09:26:44", "elapsed": 2005.984187, "delta": 127.782433}}
{"target": 2.407192237965344e-05, "params": {"baseflow": 9.757368641357427, "fff": 1.656841831607425, "fmax": 0.11972775198717155, "frootleaf": 1.0727359887400858, "leaflong": 1.0091451044965492, "slatop": 0.0358571504826328, "slopebeta": -122.85620120772069}, "datetime": {"datetime": "2024-04-15 09:29:31", "elapsed": 2173.716555, "delta": 167.732368}}
{"target": 7.825814892987235e-06, "params": {"baseflow": 9.952006890577561, "fff": 3.840714331001224, "fmax": 0.261323649265195, "frootleaf": 0.7090724994818448, "leaflong": 1.664030362663322, "slatop": 0.022820411351509494, "slopebeta": -841.1160433399658}, "datetime": {"datetime": "2024-04-15 09:31:39", "elapsed": 2301.413258, "delta": 127.696703}}
{"target": 0.00028292510017567635, "params": {"baseflow": 4.5751156559342, "fff": 1.7877628048910847, "fmax": 0.6918219914544096, "frootleaf": 0.36850631530228783, "leaflong": 0.5484864217469555, "slatop": 0.023895252573845508, "slopebeta": -346.9417121231472}, "datetime": {"datetime": "2024-04-15 09:33:47", "elapsed": 2429.066656, "delta": 127.653398}}
{"target": 0.0001805072740214722, "params": {"baseflow": 1.8235542083505185, "fff": 1.12458096612065, "fmax": 0.6160494320999178, "frootleaf": 1.2362548935539734, "leaflong": 0.8293947172849598, "slatop": 0.033625504109256764, "slopebeta": -233.42266464171246}, "datetime": {"datetime": "2024-04-15 09:36:04", "elapsed": 2566.834033, "delta": 137.767377}}
{"target": 8.320992576782925e-05, "params": {"baseflow": 6.015169292097014, "fff": 0.33820159244981335, "fmax": 0.42331233586895267, "frootleaf": 0.910094529276127, "leaflong": 1.6398680729812154, "slatop": 0.039337131552990456, "slopebeta": -172.68901741167974}, "datetime": {"datetime": "2024-04-15 09:38:22", "elapsed": 2704.589392, "delta": 137.755359}}
{"target": 1.7528906967930547e-05, "params": {"baseflow": 5.251620438380651, "fff": 2.3926652963714585, "fmax": 0.130864882879587, "frootleaf": 1.861751549509422, "leaflong": 1.9670316730119597, "slatop": 0.02289858265645825, "slopebeta": -546.0627039353863}, "datetime": {"datetime": "2024-04-15 09:40:25", "elapsed": 2827.458888, "delta": 122.869496}}
{"target": 9.684722337195011e-06, "params": {"baseflow": 2.2021872199523997, "fff": 3.9659323592727427, "fmax": 0.2781557080077407, "frootleaf": 1.3968428985858294, "leaflong": 1.277389214837309, "slatop": 0.032993128230097396, "slopebeta": -869.9965920657401}, "datetime": {"datetime": "2024-04-15 09:42:33", "elapsed": 2955.118415, "delta": 127.659527}}
{"target": 0.00013342314628400599, "params": {"baseflow": 5.533652352524696, "fff": 0.9656442516136048, "fmax": 0.37279590110535576, "frootleaf": 0.5849474368022343, "leaflong": 1.427496794861178, "slatop": 0.03274639820313727, "slopebeta": -497.2266874357427}, "datetime": {"datetime": "2024-04-15 09:45:15", "elapsed": 3117.906622, "delta": 162.788207}}
{"target": 4.897898004899297e-06, "params": {"baseflow": 8.88498760352665, "fff": 3.056388688826747, "fmax": 0.11181953634425677, "frootleaf": 1.240282587931259, "leaflong": 0.5716821979554616, "slatop": 0.014178977511998007, "slopebeta": -983.3659774163324}, "datetime": {"datetime": "2024-04-15 09:47:43", "elapsed": 3265.669154, "delta": 147.762532}}
{"target": 0.0004646954511246745, "params": {"baseflow": 5.622482747808252, "fff": 4.300925793188059, "fmax": 0.18081729025048754, "frootleaf": 1.7744648517867017, "leaflong": 0.8821285883197332, "slatop": 0.029228047601684376, "slopebeta": -630.5751633991147}, "datetime": {"datetime": "2024-04-15 09:50:06", "elapsed": 3408.355911, "delta": 142.686757}}
{"target": 7.857240473192954e-05, "params": {"baseflow": 8.553544272198373, "fff": 1.5465071183545462, "fmax": 0.4345854618048377, "frootleaf": 0.5420704119656707, "leaflong": 0.9488903327721616, "slatop": 0.021611256417737916, "slopebeta": -738.8704763607692}, "datetime": {"datetime": "2024-04-15 09:52:34", "elapsed": 3556.064761, "delta": 147.70885}}
{"target": 7.906027761899982e-05, "params": {"baseflow": 5.000761981223699, "fff": 3.3649487653456034, "fmax": 0.49612598246254136, "frootleaf": 0.5878385535160802, "leaflong": 1.9818638484273723, "slatop": 0.033441825081138084, "slopebeta": -857.7968467029674}, "datetime": {"datetime": "2024-04-15 09:54:51", "elapsed": 3693.744725, "delta": 137.679964}}
{"target": 2.1998374935680683e-05, "params": {"baseflow": 5.895209481279244, "fff": 0.4483133548827747, "fmax": 0.23952824000651268, "frootleaf": 0.050052041567474705, "leaflong": 1.540760868399016, "slatop": 0.012543636110790799, "slopebeta": -925.930596903022}, "datetime": {"datetime": "2024-04-15 09:57:04", "elapsed": 3826.491181, "delta": 132.746456}}
{"target": 1.5212393029132764e-05, "params": {"baseflow": 2.052067859929143, "fff": 4.059619786510041, "fmax": 0.131653239541963, "frootleaf": 1.4989433405735628, "leaflong": 1.0693774612289855, "slatop": 0.00529799487804075, "slopebeta": -280.83920224496376}, "datetime": {"datetime": "2024-04-15 09:59:22", "elapsed": 3964.256902, "delta": 137.765721}}
{"target": 4.45325320992606e-06, "params": {"baseflow": 8.069671122505882, "fff": 3.10016374723677, "fmax": 0.4823331401862938, "frootleaf": 1.0743273993331264, "leaflong": 1.8364200805048954, "slatop": 0.019952222901400057, "slopebeta": -65.4234296632402}, "datetime": {"datetime": "2024-04-15 10:02:35", "elapsed": 4156.973889, "delta": 192.716987}}
{"target": 0.00010814573238198687, "params": {"baseflow": 8.144445762049084, "fff": 0.9225317039184191, "fmax": 0.5718472927211271, "frootleaf": 1.3468628649214742, "leaflong": 1.7290569179807016, "slatop": 0.022451300900113665, "slopebeta": -317.95069534095444}, "datetime": {"datetime": "2024-04-15 10:04:47", "elapsed": 4289.713929, "delta": 132.74004}}
{"target": 0.00017009301842379947, "params": {"baseflow": 1.709229749747756, "fff": 0.8564171645021382, "fmax": 0.36503479306150544, "frootleaf": 1.511555808392362, "leaflong": 0.41045050664720345, "slatop": 0.02186577217351511, "slopebeta": -804.5146479168606}, "datetime": {"datetime": "2024-04-15 10:07:05", "elapsed": 4427.421258, "delta": 137.707329}}
{"target": 6.419199041806462e-06, "params": {"baseflow": 2.4966896492992574, "fff": 3.6918862600639577, "fmax": 0.3818569642991616, "frootleaf": 1.9647223485837628, "leaflong": 0.9264478668328606, "slatop": 0.035261711688946845, "slopebeta": -433.06959962318956}, "datetime": {"datetime": "2024-04-15 10:09:38", "elapsed": 4580.49908, "delta": 153.077822}}
{"target": 0.0008585985265909287, "params": {"baseflow": 3.2577384849177635, "fff": 0.339035647944627, "fmax": 0.4922631669575075, "frootleaf": 0.9519943555720398, "leaflong": 1.0578803272048636, "slatop": 0.035599833408044526, "slopebeta": -886.927330191868}, "datetime": {"datetime": "2024-04-15 10:12:26", "elapsed": 4748.270064, "delta": 167.770984}}
{"target": 1.7573244384096838e-05, "params": {"baseflow": 5.266178756722906, "fff": 1.7927981546773386, "fmax": 0.33243558056971234, "frootleaf": 1.750461892471239, "leaflong": 1.6938974950178405, "slatop": 0.03070590481713558, "slopebeta": -791.7174976216162}, "datetime": {"datetime": "2024-04-15 10:14:49", "elapsed": 4891.089519, "delta": 142.819455}}
{"target": 2.2467133480389346e-05, "params": {"baseflow": 2.3275679730283616, "fff": 3.7503005884805423, "fmax": 0.2561572426842561, "frootleaf": 0.6625202746780036, "leaflong": 1.8831713369492902, "slatop": 0.037239705098814746, "slopebeta": -290.93104423834234}, "datetime": {"datetime": "2024-04-15 10:17:01", "elapsed": 5023.760858, "delta": 132.671339}}
{"target": 0.0003054107595454708, "params": {"baseflow": 5.1742807596350415, "fff": 0.8606275580148113, "fmax": 0.3663328668281639, "frootleaf": 0.444016032754001, "leaflong": 0.4312525167908726, "slatop": 0.031558505676535294, "slopebeta": -986.0570955486095}, "datetime": {"datetime": "2024-04-15 10:19:24", "elapsed": 5166.443933, "delta": 142.683075}}
{"target": 1.1924450510021633e-05, "params": {"baseflow": 8.669115623810793, "fff": 3.675795413231773, "fmax": 0.5241427952011578, "frootleaf": 1.3606163203290969, "leaflong": 1.0553606907572153, "slatop": 0.035557952653603314, "slopebeta": -948.9728791977328}, "datetime": {"datetime": "2024-04-15 10:21:32", "elapsed": 5294.189593, "delta": 127.74566}}
{"target": 8.725291190300069e-05, "params": {"baseflow": 1.155408079620548, "fff": 2.4782772433679194, "fmax": 0.16621245873187201, "frootleaf": 0.9871770007968834, "leaflong": 0.9937171154608793, "slatop": 0.020058825368868827, "slopebeta": -188.75250337150953}, "datetime": {"datetime": "2024-04-15 10:23:44", "elapsed": 5426.865667, "delta": 132.676074}}
{"target": 7.824659014173346e-06, "params": {"baseflow": 3.4883970104841366, "fff": 2.2143403749367145, "fmax": 0.18209969005898125, "frootleaf": 1.1454242978161324, "leaflong": 0.8126345408199642, "slatop": 0.02246597303560735, "slopebeta": -590.8273796726446}, "datetime": {"datetime": "2024-04-15 10:26:02", "elapsed": 5564.593503, "delta": 137.727836}}
{"target": 0.00010080236231452445, "params": {"baseflow": 9.439989255264102, "fff": 0.8298160570961902, "fmax": 0.6558960242490025, "frootleaf": 1.006632071472049, "leaflong": 1.1553790192670985, "slatop": 0.03758722928152272, "slopebeta": -308.97977819962887}, "datetime": {"datetime": "2024-04-15 10:28:10", "elapsed": 5692.312123, "delta": 127.71862}}
{"target": 0.00028741778951147024, "params": {"baseflow": 3.0725609460214667, "fff": 0.8325210173546008, "fmax": 0.4064904693490703, "frootleaf": 0.9308649075716074, "leaflong": 1.3308303073602448, "slatop": 0.03418515659466562, "slopebeta": -794.8424776244241}, "datetime": {"datetime": "2024-04-15 10:30:28", "elapsed": 5830.069102, "delta": 137.756979}}
{"target": 0.00023484936022878016, "params": {"baseflow": 4.879929281020331, "fff": 1.1364290232029262, "fmax": 0.4254408197216535, "frootleaf": 0.47935420554354, "leaflong": 0.8741397417570631, "slatop": 0.02649525693714827, "slopebeta": -346.9807349085878}, "datetime": {"datetime": "2024-04-15 10:32:35", "elapsed": 5957.718315, "delta": 127.649213}}
{"target": 0.00013944674706856895, "params": {"baseflow": 4.087535748795873, "fff": 0.7853496575221343, "fmax": 0.47770428629393724, "frootleaf": 1.188875343357449, "leaflong": 1.5852840204046899, "slatop": 0.03589204826529446, "slopebeta": -887.701854863705}, "datetime": {"datetime": "2024-04-15 10:34:48", "elapsed": 6090.40286, "delta": 132.684545}}
{"target": 0.00030738136474950216, "params": {"baseflow": 5.964279167792203, "fff": 2.6041906869690408, "fmax": 0.5503268931809646, "frootleaf": 1.572169286845218, "leaflong": 0.621090989796456, "slatop": 0.02844790528157612, "slopebeta": -597.7130049366076}, "datetime": {"datetime": "2024-04-15 10:37:26", "elapsed": 6248.098609, "delta": 157.695749}}
{"target": 0.0008341340324520488, "params": {"baseflow": 3.685549515207808, "fff": 0.40724195541652186, "fmax": 0.47736542568659723, "frootleaf": 0.24775988064051013, "leaflong": 1.8289907133382075, "slatop": 0.011711067020916805, "slopebeta": -886.555342030317}, "datetime": {"datetime": "2024-04-15 10:39:53", "elapsed": 6395.853873, "delta": 147.755264}}
{"target": 0.00014150960827111637, "params": {"baseflow": 2.3710601966267033, "fff": 0.5946995919180836, "fmax": 0.629272352453125, "frootleaf": 0.4405466253754337, "leaflong": 0.6098658187567343, "slatop": 0.024153689227431906, "slopebeta": -887.2093609260711}, "datetime": {"datetime": "2024-04-15 10:42:11", "elapsed": 6533.636682, "delta": 137.782809}}
{"target": 8.47720955355039e-05, "params": {"baseflow": 4.686401119032766, "fff": 4.84223320343146, "fmax": 0.2989798620365065, "frootleaf": 0.8627793593282423, "leaflong": 0.6354766337858454, "slatop": 0.027188167697262452, "slopebeta": -631.3023494421977}, "datetime": {"datetime": "2024-04-15 10:44:24", "elapsed": 6666.397428, "delta": 132.760746}}
{"target": 5.752954908144836e-05, "params": {"baseflow": 6.041543182966857, "fff": 4.770543040856338, "fmax": 0.13404803868505005, "frootleaf": 1.5536582879578975, "leaflong": 0.8252329822354159, "slatop": 0.011770204996635964, "slopebeta": -630.2144390306638}, "datetime": {"datetime": "2024-04-15 10:46:32", "elapsed": 6794.181085, "delta": 127.783657}}
{"target": 2.1928378331635396e-05, "params": {"baseflow": 8.658254034013726, "fff": 3.8455822643597126, "fmax": 0.387279921336505, "frootleaf": 1.2135490094035752, "leaflong": 1.2576665650546568, "slatop": 0.011937907649393892, "slopebeta": -551.1980957875526}, "datetime": {"datetime": "2024-04-15 10:48:34", "elapsed": 6916.93606, "delta": 122.754975}}
{"target": 7.3052902196499525e-06, "params": {"baseflow": 9.20597557542582, "fff": 4.6072429093420615, "fmax": 0.5644036415951957, "frootleaf": 0.22874561878886485, "leaflong": 0.47825230051911233, "slatop": 0.03481885691112872, "slopebeta": -291.97657431666994}, "datetime": {"datetime": "2024-04-15 10:50:47", "elapsed": 7049.703325, "delta": 132.767265}}
{"target": 4.622582419939167e-05, "params": {"baseflow": 3.6142406356495895, "fff": 3.186445554392206, "fmax": 0.4452878498593533, "frootleaf": 0.6834375233522315, "leaflong": 0.40187787504071015, "slatop": 0.036820147697115654, "slopebeta": -253.57837070975847}, "datetime": {"datetime": "2024-04-15 10:53:00", "elapsed": 7182.376677, "delta": 132.673352}}
{"target": 7.754094567383428e-05, "params": {"baseflow": 5.141412239801485, "fff": 4.448962548229439, "fmax": 0.2729481250042354, "frootleaf": 1.6076583261585558, "leaflong": 1.0912770796567481, "slatop": 0.025085648506128308, "slopebeta": -630.9442807126752}, "datetime": {"datetime": "2024-04-15 10:55:13", "elapsed": 7315.146516, "delta": 132.769839}}
{"target": 0.00026113799391207573, "params": {"baseflow": 0.5371499018684045, "fff": 3.3500134925204246, "fmax": 0.2614965440125636, "frootleaf": 1.6859653021003198, "leaflong": 0.8451035376200464, "slatop": 0.019460619439521834, "slopebeta": -273.7610479631237}, "datetime": {"datetime": "2024-04-15 10:57:25", "elapsed": 7447.830105, "delta": 132.683589}}
{"target": 0.0002721884962820254, "params": {"baseflow": 5.279764551501125, "fff": 1.1780122828491906, "fmax": 0.543235430026559, "frootleaf": 0.6076349526740765, "leaflong": 1.215889347035065, "slatop": 0.03658150176304403, "slopebeta": -105.6628440872214}, "datetime": {"datetime": "2024-04-15 10:59:43", "elapsed": 7585.613996, "delta": 137.783891}}
{"target": 0.00016876824654343486, "params": {"baseflow": 7.099423920265323, "fff": 4.60835932461513, "fmax": 0.24134178170963333, "frootleaf": 1.2495420631225933, "leaflong": 0.9863469052248581, "slatop": 0.010147858982181599, "slopebeta": -691.7119601942052}, "datetime": {"datetime": "2024-04-15 11:02:01", "elapsed": 7723.326479, "delta": 137.712483}}
{"target": 0.0001206486687623097, "params": {"baseflow": 7.978013503237147, "fff": 2.7961892576413883, "fmax": 0.3380563603780189, "frootleaf": 0.37411739473962546, "leaflong": 1.610681080997448, "slatop": 0.020968522930408254, "slopebeta": -1.1538923438861275}, "datetime": {"datetime": "2024-04-15 11:04:14", "elapsed": 7856.036267, "delta": 132.709788}}
{"target": 7.96040249089893e-08, "params": {"baseflow": 5.752501266274458, "fff": 0.40502701374984074, "fmax": 0.15539945007688133, "frootleaf": 1.8283822470527213, "leaflong": 0.7480710329464522, "slatop": 0.014406402457186888, "slopebeta": -128.620321124518}, "datetime": {"datetime": "2024-04-15 11:06:31", "elapsed": 7993.755888, "delta": 137.719621}}
{"target": 0.0015540271446871283, "params": {"baseflow": 3.4361312277289056, "fff": 0.17355147453742298, "fmax": 0.5973331632137212, "frootleaf": 1.3299502314196379, "leaflong": 0.7010671419066992, "slatop": 0.028906433402178047, "slopebeta": -945.4063418389976}, "datetime": {"datetime": "2024-04-15 11:08:59", "elapsed": 8141.4947, "delta": 147.738812}}
{"target": 9.838769332842901e-06, "params": {"baseflow": 2.708594537542396, "fff": 1.1639237062686965, "fmax": 0.387451263600321, "frootleaf": 0.9219210031430439, "leaflong": 0.7931093913061797, "slatop": 0.02325004962143294, "slopebeta": -945.1877131537921}, "datetime": {"datetime": "2024-04-15 11:11:32", "elapsed": 8294.332146, "delta": 152.837446}}
