{"target": 9.043052228102325e-05, "params": {"baseflow": 2.397468581423554, "fff": 3.076398847186493, "fmax": 0.2685292657328765, "frootleaf": 1.3404750398648482, "leaflong": 1.254363933515998, "slatop": 0.03915434983206115, "slopebeta": -568.2604107583954}, "datetime": {"datetime": "2024-04-15 20:50:20", "elapsed": 2485.321948, "delta": 172.819616}}
{"target": 0.00022234400603460784, "params": {"baseflow": 6.006421696254485, "fff": 1.6358263834437854, "fmax": 0.12809716971832275, "frootleaf": 0.8933313132535178, "leaflong": 0.4647953501864549, "slatop": 0.021773333039740553, "slopebeta": -362.7571790639687}, "datetime": {"datetime": "2024-04-15 20:52:48", "elapsed": 2633.168119, "delta": 147.846171}}
{"target": 1.5142460293827105e-05, "params": {"baseflow": 2.0532677812424165, "fff": 4.059761758313632, "fmax": 0.13173904442544523, "frootleaf": 1.4990189864842485, "leaflong": 1.0695179598894173, "slatop": 0.00530323393580135, "slopebeta": -280.8331273009426}, "datetime": {"datetime": "2024-04-15 20:55:01", "elapsed": 2765.999748, "delta": 132.831629}}
{"target": 0.0002679447484805403, "params": {"baseflow": 6.49977915317931, "fff": 0.8366009328878544, "fmax": 0.16122988820509032, "frootleaf": 0.09059999431862213, "leaflong": 0.4680318283112527, "slatop": 0.036073660919727385, "slopebeta": -343.25559661144075}, "datetime": {"datetime": "2024-04-15 20:57:14", "elapsed": 2898.897528, "delta": 132.89778}}
{"target": 8.515846807395896e-05, "params": {"baseflow": 8.144725870987857, "fff": 0.9231472263827794, "fmax": 0.5718666382719618, "frootleaf": 1.3469614605572355, "leaflong": 1.7290978187410353, "slatop": 0.022453949999439993, "slopebeta": -317.94465748588175}, "datetime": {"datetime": "2024-04-15 20:59:31", "elapsed": 3036.745199, "delta": 137.847671}}
{"target": 4.257771680023634e-05, "params": {"baseflow": 1.7139218257141258, "fff": 0.8613759058618528, "fmax": 0.37023821894072734, "frootleaf": 1.5167493803988599, "leaflong": 0.4155733730496502, "slatop": 0.02708951302170039, "slopebeta": -804.5116752259819}, "datetime": {"datetime": "2024-04-15 21:01:59", "elapsed": 3184.586513, "delta": 147.841314}}
{"target": 1.9833542696158938e-05, "params": {"baseflow": 2.5563130282716804, "fff": 1.0313220411156026, "fmax": 0.1025059843677179, "frootleaf": 0.7322714333192776, "leaflong": 0.48087465099047666, "slatop": 0.020218118368351357, "slopebeta": -815.0602188369865}, "datetime": {"datetime": "2024-04-15 21:04:37", "elapsed": 3342.438026, "delta": 157.851513}}
{"target": 0.001174725294059049, "params": {"baseflow": 3.258275665920625, "fff": 0.33957270917941856, "fmax": 0.4928002281957944, "frootleaf": 0.952531297703165, "leaflong": 1.0584175081898364, "slatop": 0.035838079611843064, "slopebeta": -886.9267931170529}, "datetime": {"datetime": "2024-04-15 21:07:00", "elapsed": 3485.391552, "delta": 142.953526}}
{"target": 0.0007480929633869004, "params": {"baseflow": 2.0773314093698962, "fff": 0.26617363005593236, "fmax": 0.6326530489744558, "frootleaf": 1.2415120734488447, "leaflong": 1.391384152541407, "slatop": 0.0342746920476853, "slopebeta": -650.2314608212264}, "datetime": {"datetime": "2024-04-15 21:09:58", "elapsed": 3663.273459, "delta": 177.881907}}
{"target": 2.186946232366089e-06, "params": {"baseflow": 8.65570994276458, "fff": 2.3562753097812243, "fmax": 0.5992035531954871, "frootleaf": 0.5730397948005277, "leaflong": 0.4587578005108801, "slatop": 0.015248292809567661, "slopebeta": -989.5415424383266}, "datetime": {"datetime": "2024-04-15 21:12:21", "elapsed": 3806.651749, "delta": 143.37829}}
{"target": 8.713611123551073e-05, "params": {"baseflow": 5.175008573213524, "fff": 0.8612518757397, "fmax": 0.3663833132670348, "frootleaf": 0.4442507952333831, "leaflong": 0.4314892039109512, "slatop": 0.03155991057365961, "slopebeta": -986.0506715220641}, "datetime": {"datetime": "2024-04-15 21:14:45", "elapsed": 3950.270022, "delta": 143.618273}}
{"target": 7.030549013988849e-05, "params": {"baseflow": 8.856958025202818, "fff": 2.6488571704137187, "fmax": 0.6876009948861445, "frootleaf": 1.6465047248706803, "leaflong": 0.8234341794988661, "slatop": 0.013390254595954451, "slopebeta": -432.6821917981742}, "datetime": {"datetime": "2024-04-15 21:17:08", "elapsed": 4093.190347, "delta": 142.920325}}
{"target": 5.5364114881797795e-08, "params": {"baseflow": 1.1565499444924212, "fff": 2.4788147837950807, "fmax": 0.16655999715269668, "frootleaf": 0.9875703242611255, "leaflong": 0.9941098138368818, "slatop": 0.020357251604251596, "slopebeta": -188.7485594832215}, "datetime": {"datetime": "2024-04-15 21:19:21", "elapsed": 4226.035227, "delta": 132.84488}}
{"target": 3.599843840348525e-05, "params": {"baseflow": 3.488915266464983, "fff": 2.214562084516309, "fmax": 0.18214090954572534, "frootleaf": 1.145492313168029, "leaflong": 0.8127290427807965, "slatop": 0.022467368562078673, "slopebeta": -590.8240173678632}, "datetime": {"datetime": "2024-04-15 21:21:54", "elapsed": 4378.903925, "delta": 152.868698}}
{"target": 0.0003151364096015546, "params": {"baseflow": 9.440073788440635, "fff": 0.8304455430457627, "fmax": 0.6559026817090656, "frootleaf": 1.00678201957082, "leaflong": 1.1555065141324006, "slatop": 0.037587593487343765, "slopebeta": -308.97342038050624}, "datetime": {"datetime": "2024-04-15 21:24:11", "elapsed": 4516.759896, "delta": 137.855971}}
{"target": 0.00021588683319924217, "params": {"baseflow": 3.0736058014870955, "fff": 0.8331495920932569, "fmax": 0.40653473896081643, "frootleaf": 0.931026163648509, "leaflong": 1.3309312372428954, "slatop": 0.034186033638962436, "slopebeta": -794.8361419031793}, "datetime": {"datetime": "2024-04-15 21:26:29", "elapsed": 4654.622619, "delta": 137.862723}}
{"target": 7.885724147269418e-05, "params": {"baseflow": 7.3478221451401176, "fff": 4.3853975822273075, "fmax": 0.6756906146749928, "frootleaf": 0.7842319711611582, "leaflong": 0.3951519137089151, "slatop": 0.019490740279413676, "slopebeta": -341.9068557561285}, "datetime": {"datetime": "2024-04-15 21:28:47", "elapsed": 4792.550268, "delta": 137.927649}}
{"target": 3.3707577239930694e-05, "params": {"baseflow": 6.996680187973788, "fff": 1.5244600437351497, "fmax": 0.5982655519555045, "frootleaf": 0.2031282582757323, "leaflong": 1.578542658224554, "slatop": 0.032086779315570295, "slopebeta": -146.829236394582}, "datetime": {"datetime": "2024-04-15 21:31:00", "elapsed": 4925.373403, "delta": 132.823135}}
{"target": 1.4044690272045789e-05, "params": {"baseflow": 5.964887922205058, "fff": 2.604552074575445, "fmax": 0.5503494701053977, "frootleaf": 1.5722338214960068, "leaflong": 0.6212989865781432, "slatop": 0.02844964781752693, "slopebeta": -597.7067279870208}, "datetime": {"datetime": "2024-04-15 21:33:03", "elapsed": 5048.160184, "delta": 122.786781}}
