{"target": 0.0009373594656617551, "params": {"baseflow": 9.964277308041627, "fff": 1.394708553410687, "fmax": 0.24541926923631355, "frootleaf": 0.8970695507607417, "leaflong": 0.8931523718122754, "slatop": 0.031177437052911084, "slopebeta": -62.051070421351255}, "datetime": {"datetime": "2024-04-12 19:23:26", "elapsed": 7596.968936, "delta": 142.80216}}
{"target": 0.07999235617284686, "params": {"baseflow": 0.46862922729816514, "fff": 0.31136400645702106, "fmax": 0.5348883636793129, "frootleaf": 1.848357344885676, "leaflong": 0.7852902306404952, "slatop": 0.0281140560478188, "slopebeta": -837.7825919504853}, "datetime": {"datetime": "2024-04-12 19:25:54", "elapsed": 7745.090883, "delta": 148.121947}}
{"target": 0.0021047434306138576, "params": {"baseflow": 9.652873586488631, "fff": 3.5472741820937665, "fmax": 0.39782719229121977, "frootleaf": 0.15118182508505085, "leaflong": 1.688504576474998, "slatop": 0.02952708303086622, "slopebeta": -904.5945711781803}, "datetime": {"datetime": "2024-04-12 19:28:32", "elapsed": 7902.91578, "delta": 157.824897}}
{"target": 0.0027019502218911225, "params": {"baseflow": 2.0421182497669363, "fff": 1.4625767341487792, "fmax": 0.6565580898606479, "frootleaf": 0.17460421652801694, "leaflong": 1.962038397257712, "slatop": 0.01334242990346276, "slopebeta": -999.8035620594599}, "datetime": {"datetime": "2024-04-12 19:30:44", "elapsed": 8035.778212, "delta": 132.862432}}
{"target": 0.1585144617582163, "params": {"baseflow": 0.1821540237412922, "fff": 0.39814864950771056, "fmax": 0.5788260971659257, "frootleaf": 0.26262461048332303, "leaflong": 1.4951200275725387, "slatop": 0.006780002910375684, "slopebeta": -839.288407494822}, "datetime": {"datetime": "2024-04-12 19:33:02", "elapsed": 8173.666814, "delta": 137.888602}}
{"target": 0.2501521399200804, "params": {"baseflow": 0.14999077041178754, "fff": 0.17201549930738194, "fmax": 0.509174170214591, "frootleaf": 1.3979932747192854, "leaflong": 0.33751952907591626, "slatop": 0.03755611529725604, "slopebeta": -844.1796251361761}, "datetime": {"datetime": "2024-04-12 19:35:15", "elapsed": 8306.597343, "delta": 132.930529}}
{"target": 1.0159422350691186e-06, "params": {"baseflow": 8.761470688132775, "fff": 4.243176479634509, "fmax": 0.6186710550980284, "frootleaf": 0.8358036474843995, "leaflong": 0.9424198759744777, "slatop": 0.03545006652363518, "slopebeta": -449.4167869247225}, "datetime": {"datetime": "2024-04-12 19:37:28", "elapsed": 8439.70333, "delta": 133.105987}}
{"target": 0.11030044658088761, "params": {"baseflow": 0.11953068636755715, "fff": 0.6007853182928654, "fmax": 0.1685056018306792, "frootleaf": 0.9710810974548812, "leaflong": 0.8439784877726733, "slatop": 0.015523350824692835, "slopebeta": -843.6973605928191}, "datetime": {"datetime": "2024-04-12 19:39:41", "elapsed": 8572.513785, "delta": 132.810455}}
{"target": 2.2253093094474185e-05, "params": {"baseflow": 9.988254802536503, "fff": 3.5240233217367933, "fmax": 0.6142900568654349, "frootleaf": 1.2980684940789633, "leaflong": 1.5496324098105494, "slatop": 0.004423308070858972, "slopebeta": -819.7097201093806}, "datetime": {"datetime": "2024-04-12 19:41:54", "elapsed": 8705.33264, "delta": 132.818855}}
{"target": 0.11174684896147047, "params": {"baseflow": 0.5072545353770841, "fff": 0.30576765176464044, "fmax": 0.6841297549136836, "frootleaf": 1.7962177509381205, "leaflong": 1.8838823827236761, "slatop": 0.015687258176423177, "slopebeta": -840.6797313887839}, "datetime": {"datetime": "2024-04-12 19:44:07", "elapsed": 8838.169078, "delta": 132.836438}}
{"target": 0.1430837595173517, "params": {"baseflow": 0.02890766482856022, "fff": 0.5370268147862958, "fmax": 0.6909439168696527, "frootleaf": 0.9176349031815197, "leaflong": 1.1037285824209777, "slatop": 0.007272822938342456, "slopebeta": -841.1669370564312}, "datetime": {"datetime": "2024-04-12 19:46:10", "elapsed": 8961.104522, "delta": 122.935444}}
{"target": 0.056927156783866624, "params": {"baseflow": 0.25778587581648527, "fff": 1.762025231662422, "fmax": 0.6256970116482554, "frootleaf": 0.09982142479095546, "leaflong": 1.050313066289935, "slatop": 0.03534918905250985, "slopebeta": -836.8364046808179}, "datetime": {"datetime": "2024-04-12 19:48:23", "elapsed": 9094.111678, "delta": 133.007156}}
{"target": 0.0016010699620291721, "params": {"baseflow": 0.5619714631911499, "fff": 3.834673869366629, "fmax": 0.333654808393558, "frootleaf": 1.0679009564570308, "leaflong": 1.7905602321028327, "slatop": 0.012828810382754926, "slopebeta": -968.027561923515}, "datetime": {"datetime": "2024-04-12 19:50:26", "elapsed": 9217.400945, "delta": 123.289267}}
{"target": 0.11853244261700158, "params": {"baseflow": 0.37692255298140465, "fff": 0.4763909636114262, "fmax": 0.5985558815262437, "frootleaf": 0.6160144547952582, "leaflong": 1.006163418352074, "slatop": 0.017479370123551413, "slopebeta": -675.5365895461173}, "datetime": {"datetime": "2024-04-12 19:52:39", "elapsed": 9350.219405, "delta": 132.81846}}
{"target": 0.11796438738926363, "params": {"baseflow": 1.0040059018671044, "fff": 0.16068167716514653, "fmax": 0.4134603780334417, "frootleaf": 0.6724919288035136, "leaflong": 0.35463038178565964, "slatop": 0.02733940687893861, "slopebeta": -677.5127185438525}, "datetime": {"datetime": "2024-04-12 19:54:47", "elapsed": 9478.186447, "delta": 127.967042}}
{"target": 0.011654541440960803, "params": {"baseflow": 1.2595051758349196, "fff": 1.0161682386086885, "fmax": 0.19023119319209447, "frootleaf": 0.7776106504321968, "leaflong": 1.959764105842049, "slatop": 0.010457456566909402, "slopebeta": -678.0685830153876}, "datetime": {"datetime": "2024-04-12 19:57:00", "elapsed": 9611.052368, "delta": 132.865921}}
{"target": 0.18925151212434327, "params": {"baseflow": 0.2855595830227198, "fff": 0.2471034543347859, "fmax": 0.12874793799094658, "frootleaf": 1.7520421249469897, "leaflong": 1.463286030881304, "slatop": 0.022815910126160726, "slopebeta": -839.3978145938711}, "datetime": {"datetime": "2024-04-12 19:59:18", "elapsed": 9748.875786, "delta": 137.823418}}
{"target": 0.034526146649921985, "params": {"baseflow": 2.0978997274659883, "fff": 0.23912694578057866, "fmax": 0.5354891506126158, "frootleaf": 0.020712597953898293, "leaflong": 0.6983648941034886, "slatop": 0.012316720765470216, "slopebeta": -675.719104596137}, "datetime": {"datetime": "2024-04-12 20:01:50", "elapsed": 9901.739924, "delta": 152.864138}}
{"target": 0.03608898003664101, "params": {"baseflow": 0.30455906689241363, "fff": 2.3006080884549385, "fmax": 0.3281385517555745, "frootleaf": 1.0419982715728258, "leaflong": 0.525056042703304, "slatop": 0.025092250613433842, "slopebeta": -674.6105916292707}, "datetime": {"datetime": "2024-04-12 20:04:09", "elapsed": 10040.489535, "delta": 138.749611}}
{"target": 0.07169467529697346, "params": {"baseflow": 0.6656043404799028, "fff": 0.39476431682990354, "fmax": 0.3917449256526542, "frootleaf": 1.3801125263498157, "leaflong": 0.9660309576798607, "slatop": 0.03132398057842792, "slopebeta": -673.3018585590358}, "datetime": {"datetime": "2024-04-12 20:06:28", "elapsed": 10179.067782, "delta": 138.578247}}
{"target": 0.09205924689935774, "params": {"baseflow": 0.030416313342017665, "fff": 1.425293704283398, "fmax": 0.3568806940650837, "frootleaf": 1.1654498462294642, "leaflong": 0.3313951854635818, "slatop": 0.015282428468082402, "slopebeta": -676.1771440566486}, "datetime": {"datetime": "2024-04-12 20:08:51", "elapsed": 10321.945238, "delta": 142.877456}}
{"target": 0.25043500905537885, "params": {"baseflow": 0.22291117546078265, "fff": 0.21081022771644164, "fmax": 0.22348243101647064, "frootleaf": 1.9322932448948091, "leaflong": 1.6501644889497515, "slatop": 0.01077219926126839, "slopebeta": -676.6742030765386}, "datetime": {"datetime": "2024-04-12 20:11:09", "elapsed": 10459.794834, "delta": 137.849596}}
{"target": 0.012739317134005588, "params": {"baseflow": 0.5106868306976109, "fff": 1.672615822254101, "fmax": 0.6534983744709397, "frootleaf": 1.7909777345497333, "leaflong": 1.0087297139264353, "slatop": 0.007466877602757646, "slopebeta": -677.2217719500584}, "datetime": {"datetime": "2024-04-12 20:13:27", "elapsed": 10597.813592, "delta": 138.018758}}
{"target": 0.00353210521880425, "params": {"baseflow": 1.9136203009093666, "fff": 1.6154086743192004, "fmax": 0.45684053368960054, "frootleaf": 1.0196524652347467, "leaflong": 1.6083521764577542, "slatop": 0.014801655279509043, "slopebeta": -670.7401263868504}, "datetime": {"datetime": "2024-04-12 20:15:44", "elapsed": 10735.742875, "delta": 137.929283}}
{"target": 0.20048746901329426, "params": {"baseflow": 0.021612550377571038, "fff": 0.3471112827216678, "fmax": 0.6125022308628135, "frootleaf": 0.8982166804155396, "leaflong": 0.409106083836394, "slatop": 0.017609333438469578, "slopebeta": -840.487748021562}, "datetime": {"datetime": "2024-04-12 20:18:12", "elapsed": 10883.76929, "delta": 148.026415}}
{"target": 0.0885535270089455, "params": {"baseflow": 0.14719722952584835, "fff": 1.1712006921894935, "fmax": 0.3522152095819361, "frootleaf": 1.1531564001106072, "leaflong": 1.4899388960982562, "slatop": 0.03158418135434814, "slopebeta": -614.3671107372197}, "datetime": {"datetime": "2024-04-12 20:20:45", "elapsed": 11036.601587, "delta": 152.832297}}
