{"target": -4.352611064910889, "params": {"baseflow": 4.92460283412029e-07, "fff": 4.867036410861228, "fmax": 0.21023283066271353, "frootleaf": 0.6297455153988125, "leaflong": 1.3129391739241447, "slatop": 0.038564989601316144, "slopebeta": -749.7710982741603}, "datetime": {"datetime": "2023-04-28 18:45:17", "elapsed": 7508.492371, "delta": 113.829416}}
{"target": -4.78941535949707, "params": {"baseflow": 2.66996782134264e-07, "fff": 0.10818154756385212, "fmax": 0.296892433322434, "frootleaf": 1.5581818083394057, "leaflong": 1.978989676756295, "slatop": 0.004234636303818454, "slopebeta": -652.9740699330363}, "datetime": {"datetime": "2023-04-28 18:46:36", "elapsed": 7587.21947, "delta": 78.727099}}
{"target": -4.344585418701172, "params": {"baseflow": 3.025329048274452e-07, "fff": 5.0, "fmax": 0.1, "frootleaf": 0.015, "leaflong": 0.32, "slatop": 0.04, "slopebeta": -363.68997730504424}, "datetime": {"datetime": "2023-04-28 18:47:55", "elapsed": 7665.929221, "delta": 78.709751}}
{"target": -4.706778526306152, "params": {"baseflow": 9.949400391754985e-07, "fff": 0.21204042390819128, "fmax": 0.5069407274495854, "frootleaf": 0.5675923443775704, "leaflong": 1.6360502065364007, "slatop": 0.031848599183152616, "slopebeta": -34.106278562642274}, "datetime": {"datetime": "2023-04-28 18:49:24", "elapsed": 7754.89289, "delta": 88.963669}}
{"target": -4.351752281188965, "params": {"baseflow": 3.347436125599967e-08, "fff": 4.878156635533621, "fmax": 0.36514720870388817, "frootleaf": 1.356247179725966, "leaflong": 1.6647922965347415, "slatop": 0.03800038608347858, "slopebeta": -154.56983834800496}, "datetime": {"datetime": "2023-04-28 18:51:18", "elapsed": 7868.797386, "delta": 113.904496}}
{"target": -4.355383396148682, "params": {"baseflow": 1e-06, "fff": 5.0, "fmax": 0.1, "frootleaf": 0.015, "leaflong": 2.0, "slatop": 0.004, "slopebeta": -673.2147231678964}, "datetime": {"datetime": "2023-04-28 18:52:46", "elapsed": 7957.596988, "delta": 88.799602}}
{"target": -4.348099708557129, "params": {"baseflow": 1e-06, "fff": 5.0, "fmax": 0.7, "frootleaf": 0.015, "leaflong": 2.0, "slatop": 0.04, "slopebeta": -233.38338290631583}, "datetime": {"datetime": "2023-04-28 18:54:05", "elapsed": 8036.419716, "delta": 78.822728}}
{"target": -4.360447406768799, "params": {"baseflow": 3.7216140283558527e-07, "fff": 4.8810139530444685, "fmax": 0.5089352529667986, "frootleaf": 1.5692984754103732, "leaflong": 1.3571457725378804, "slatop": 0.019582086311028205, "slopebeta": -809.6622585562478}, "datetime": {"datetime": "2023-04-28 18:55:24", "elapsed": 8115.424366, "delta": 79.00465}}
{"target": -4.799363136291504, "params": {"baseflow": 1e-06, "fff": 0.1, "fmax": 0.1, "frootleaf": 2.0, "leaflong": 0.32, "slatop": 0.004, "slopebeta": -401.2348867875801}, "datetime": {"datetime": "2023-04-28 18:56:58", "elapsed": 8209.392846, "delta": 93.96848}}
{"target": -4.354238510131836, "params": {"baseflow": 6.637267862493704e-07, "fff": 4.806899829902838, "fmax": 0.583176949881256, "frootleaf": 0.41935318869840266, "leaflong": 0.7074502349047838, "slatop": 0.029651338317750568, "slopebeta": -867.0948505426045}, "datetime": {"datetime": "2023-04-28 18:58:12", "elapsed": 8283.258007, "delta": 73.865161}}
{"target": -4.396562099456787, "params": {"baseflow": 1e-06, "fff": 5.0, "fmax": 0.1, "frootleaf": 2.0, "leaflong": 2.0, "slatop": 0.004, "slopebeta": -787.0239657613998}, "datetime": {"datetime": "2023-04-28 18:59:36", "elapsed": 8367.026367, "delta": 83.76836}}
{"target": -4.3757710456848145, "params": {"baseflow": 4.958433899281689e-07, "fff": 4.95923409837721, "fmax": 0.5669675855293074, "frootleaf": 0.9249162088032995, "leaflong": 1.9918714810319587, "slatop": 0.027209684820207726, "slopebeta": -15.310139884719547}, "datetime": {"datetime": "2023-04-28 19:00:55", "elapsed": 8445.919179, "delta": 78.892812}}
{"target": -4.354567050933838, "params": {"baseflow": 4.533275012288457e-07, "fff": 4.795146949718385, "fmax": 0.5944878396748996, "frootleaf": 0.07851148479302891, "leaflong": 0.5089857636215902, "slatop": 0.03285153253246638, "slopebeta": -383.5628582506215}, "datetime": {"datetime": "2023-04-28 19:02:14", "elapsed": 8525.072035, "delta": 79.152856}}
{"target": -4.351893424987793, "params": {"baseflow": 3.852622853952708e-07, "fff": 4.984546238850206, "fmax": 0.14133250623509958, "frootleaf": 1.3714717080502012, "leaflong": 0.47284364179304994, "slatop": 0.02912424424863961, "slopebeta": -558.2072931935872}, "datetime": {"datetime": "2023-04-28 19:03:18", "elapsed": 8588.936054, "delta": 63.864019}}
{"target": -4.350510597229004, "params": {"baseflow": 3.5572485945062847e-07, "fff": 4.950097716172238, "fmax": 0.5395983856367421, "frootleaf": 0.45608637208439523, "leaflong": 1.7210280136345708, "slatop": 0.03830138444457171, "slopebeta": -438.3270781204144}, "datetime": {"datetime": "2023-04-28 19:04:27", "elapsed": 8657.812986, "delta": 68.876932}}
{"target": -4.551822185516357, "params": {"baseflow": 2.3051736757003282e-07, "fff": 0.5264579106997609, "fmax": 0.21526440271791875, "frootleaf": 1.9272585956069073, "leaflong": 0.7298351904920584, "slatop": 0.016157622684612738, "slopebeta": -595.7480309847517}, "datetime": {"datetime": "2023-04-28 19:05:51", "elapsed": 8741.726534, "delta": 83.913548}}
{"target": -4.357053756713867, "params": {"baseflow": 2.827020952750789e-07, "fff": 4.956136716737171, "fmax": 0.654118542174459, "frootleaf": 0.06338679131870681, "leaflong": 0.6418026763748728, "slatop": 0.023789287496434247, "slopebeta": -618.6362188843925}, "datetime": {"datetime": "2023-04-28 19:07:44", "elapsed": 8855.573116, "delta": 113.846582}}
{"target": -4.776214599609375, "params": {"baseflow": 1e-06, "fff": 0.1, "fmax": 0.1, "frootleaf": 2.0, "leaflong": 2.0, "slatop": 0.04, "slopebeta": -125.64201935981949}, "datetime": {"datetime": "2023-04-28 19:09:48", "elapsed": 8979.650348, "delta": 124.077232}}
{"target": -4.394340991973877, "params": {"baseflow": 0.0, "fff": 5.0, "fmax": 0.1, "frootleaf": 2.0, "leaflong": 0.32, "slatop": 0.004, "slopebeta": -50.673079518372454}, "datetime": {"datetime": "2023-04-28 19:11:27", "elapsed": 9078.571104, "delta": 98.920756}}
{"target": -4.775853633880615, "params": {"baseflow": 0.0, "fff": 0.1, "fmax": 0.7, "frootleaf": 2.0, "leaflong": 0.32, "slatop": 0.04, "slopebeta": -955.0639465604829}, "datetime": {"datetime": "2023-04-28 19:12:56", "elapsed": 9167.413865, "delta": 88.842761}}
{"target": -4.383343696594238, "params": {"baseflow": 7.023219441109231e-07, "fff": 4.903188779361837, "fmax": 0.3850092279949755, "frootleaf": 1.6372861330909676, "leaflong": 1.2250409628039238, "slatop": 0.007026350680799008, "slopebeta": -74.70828524676733}, "datetime": {"datetime": "2023-04-28 19:14:40", "elapsed": 9271.39668, "delta": 103.982815}}
{"target": -4.699440002441406, "params": {"baseflow": 3.2157796732149176e-07, "fff": 0.2284361644231856, "fmax": 0.3424167110478287, "frootleaf": 0.04664565236357128, "leaflong": 0.3311546633623998, "slatop": 0.013877671299538376, "slopebeta": -270.26033933413214}, "datetime": {"datetime": "2023-04-28 19:16:44", "elapsed": 9395.3466, "delta": 123.94992}}
{"target": -4.356321334838867, "params": {"baseflow": 1e-06, "fff": 5.0, "fmax": 0.7, "frootleaf": 0.015, "leaflong": 0.32, "slatop": 0.004, "slopebeta": -291.93296022570365}, "datetime": {"datetime": "2023-04-28 19:18:18", "elapsed": 9489.404436, "delta": 94.057836}}
{"target": -4.352433204650879, "params": {"baseflow": 1.3299302201131435e-07, "fff": 5.0, "fmax": 0.7, "frootleaf": 0.015, "leaflong": 0.32, "slatop": 0.004, "slopebeta": -885.2107982404207}, "datetime": {"datetime": "2023-04-28 19:19:47", "elapsed": 9578.267679, "delta": 88.863243}}
{"target": -4.772202014923096, "params": {"baseflow": 1e-06, "fff": 0.1, "fmax": 0.7, "frootleaf": 2.0, "leaflong": 0.32, "slatop": 0.04, "slopebeta": -442.4997571982027}, "datetime": {"datetime": "2023-04-28 19:21:01", "elapsed": 9652.161821, "delta": 73.894142}}
{"target": -4.735487461090088, "params": {"baseflow": 9.964604098062504e-07, "fff": 0.16732936742538862, "fmax": 0.2363644498866181, "frootleaf": 1.6919773228331372, "leaflong": 0.37446146982008116, "slatop": 0.027234812456069544, "slopebeta": -989.3153829932558}, "datetime": {"datetime": "2023-04-28 19:22:25", "elapsed": 9736.111365, "delta": 83.949544}}
{"target": -4.3555402755737305, "params": {"baseflow": 5.571816399442842e-07, "fff": 5.0, "fmax": 0.1, "frootleaf": 0.015, "leaflong": 0.32, "slatop": 0.004, "slopebeta": -581.9128162371098}, "datetime": {"datetime": "2023-04-28 19:24:09", "elapsed": 9840.035544, "delta": 103.924179}}
{"target": -4.35597562789917, "params": {"baseflow": 9.520942483993649e-07, "fff": 4.9584788285102555, "fmax": 0.3530689882828786, "frootleaf": 0.3236471066409803, "leaflong": 1.7114081283639875, "slatop": 0.029877069470763913, "slopebeta": -969.048201021646}, "datetime": {"datetime": "2023-04-28 19:25:48", "elapsed": 9939.032288, "delta": 98.996744}}
{"target": -4.346714019775391, "params": {"baseflow": 7.006245142744968e-07, "fff": 5.0, "fmax": 0.1, "frootleaf": 0.015, "leaflong": 0.32, "slatop": 0.04, "slopebeta": -415.97911049095046}, "datetime": {"datetime": "2023-04-28 19:27:22", "elapsed": 10032.96546, "delta": 93.933172}}
{"target": -4.753654956817627, "params": {"baseflow": 8.236356916685864e-07, "fff": 0.12843837084728774, "fmax": 0.4630399893005389, "frootleaf": 0.7806326612962361, "leaflong": 1.5431764810162636, "slatop": 0.036928845642615324, "slopebeta": -668.9949218523278}, "datetime": {"datetime": "2023-04-28 19:28:46", "elapsed": 10116.91706, "delta": 83.9516}}
{"target": -4.355451583862305, "params": {"baseflow": 8.944162697652469e-07, "fff": 5.0, "fmax": 0.7, "frootleaf": 0.015, "leaflong": 2.0, "slatop": 0.004, "slopebeta": -111.33674975147959}, "datetime": {"datetime": "2023-04-28 19:30:05", "elapsed": 10195.801074, "delta": 78.884014}}
{"target": -4.397684097290039, "params": {"baseflow": 1e-06, "fff": 5.0, "fmax": 0.1, "frootleaf": 2.0, "leaflong": 0.32, "slatop": 0.004, "slopebeta": -688.1231444369049}, "datetime": {"datetime": "2023-04-28 19:31:59", "elapsed": 10309.800171, "delta": 113.999097}}
{"target": -4.353359222412109, "params": {"baseflow": 1e-06, "fff": 5.0, "fmax": 0.7, "frootleaf": 0.015, "leaflong": 2.0, "slatop": 0.004, "slopebeta": -92.39470770318461}, "datetime": {"datetime": "2023-04-28 19:33:28", "elapsed": 10398.678124, "delta": 88.877953}}
{"target": -4.356579303741455, "params": {"baseflow": 7.308440102704104e-07, "fff": 4.589670709331413, "fmax": 0.3448773319291726, "frootleaf": 1.8779761634256276, "leaflong": 1.4809508974421732, "slatop": 0.0357669993732847, "slopebeta": -210.00460218543788}, "datetime": {"datetime": "2023-04-28 19:35:01", "elapsed": 10492.544598, "delta": 93.866474}}
{"target": -4.747457504272461, "params": {"baseflow": 9.443371173233838e-07, "fff": 0.1437235392733659, "fmax": 0.12899407430599447, "frootleaf": 1.5824379030080968, "leaflong": 1.6125206443508522, "slatop": 0.039319426710684835, "slopebeta": -753.449327357293}, "datetime": {"datetime": "2023-04-28 19:36:40", "elapsed": 10591.496003, "delta": 98.951405}}
{"target": -4.345817565917969, "params": {"baseflow": 2.9581241407906345e-07, "fff": 5.0, "fmax": 0.1, "frootleaf": 0.015, "leaflong": 0.32, "slatop": 0.04, "slopebeta": -939.2033880005662}, "datetime": {"datetime": "2023-04-28 19:38:04", "elapsed": 10675.344244, "delta": 83.848241}}
{"target": -4.775949954986572, "params": {"baseflow": 1e-06, "fff": 0.1, "fmax": 0.7, "frootleaf": 2.0, "leaflong": 0.32, "slatop": 0.04, "slopebeta": -205.91228660679133}, "datetime": {"datetime": "2023-04-28 19:39:23", "elapsed": 10754.325428, "delta": 78.981184}}
