{"target": 0.00022101069578587445, "params": {"baseflow": 4.18143985461543, "fff": 3.398285975331863, "fmax": 0.28033846226302506, "frootleaf": 0.27655519295608266, "leaflong": 0.5667404592906531, "slatop": 0.009608660713453933, "slopebeta": -774.460344142447}, "datetime": {"datetime": "2024-04-12 14:09:40", "elapsed": 0.0, "delta": 0.0}}
{"target": 0.001144400093216259, "params": {"baseflow": 8.848258030774774, "fff": 4.8271074989577665, "fmax": 0.41556642518801257, "frootleaf": 0.42359040527924646, "leaflong": 0.9598619915864501, "slatop": 0.0318841786578588, "slopebeta": -744.8972299893351}, "datetime": {"datetime": "2024-04-12 14:12:09", "elapsed": 148.548707, "delta": 148.548707}}
{"target": 4.4883416852011734e-05, "params": {"baseflow": 3.078218914852063, "fff": 1.4200784239386037, "fmax": 0.24330839642900748, "frootleaf": 0.8771234888387879, "leaflong": 1.9349163148717778, "slatop": 0.028912736730545504, "slopebeta": -44.28867701781371}, "datetime": {"datetime": "2024-04-12 14:14:27", "elapsed": 286.193372, "delta": 137.644665}}
{"target": 0.0033285541552476455, "params": {"baseflow": 2.331615015868177, "fff": 4.15606067525973, "fmax": 0.4710598884093642, "frootleaf": 1.216384061842028, "leaflong": 1.792012145120966, "slatop": 0.014464158322432663, "slopebeta": -592.5818062823924}, "datetime": {"datetime": "2024-04-12 14:17:04", "elapsed": 444.064519, "delta": 157.871147}}
{"target": 0.000595650864170253, "params": {"baseflow": 6.761181692104613, "fff": 4.195970658249397, "fmax": 0.6157084550122147, "frootleaf": 1.6324759253770889, "leaflong": 0.8383232501226285, "slatop": 0.01860418339930142, "slopebeta": -841.9959028146645}, "datetime": {"datetime": "2024-04-12 14:19:37", "elapsed": 596.739665, "delta": 152.675146}}
{"target": 0.0009756748927126083, "params": {"baseflow": 2.4195966566439617, "fff": 3.435896816575087, "fmax": 0.6630330599806545, "frootleaf": 1.3808436348891464, "leaflong": 1.9865991144017083, "slatop": 0.03647427275820375, "slopebeta": -300.31114758420006}, "datetime": {"datetime": "2024-04-12 14:22:00", "elapsed": 739.423162, "delta": 142.683497}}
{"target": 0.0004491517110180439, "params": {"baseflow": 3.6183719350984935, "fff": 3.6824809829225336, "fmax": 0.6315886014093326, "frootleaf": 0.7856337315330818, "leaflong": 1.8273518890639016, "slatop": 0.022887310348331507, "slopebeta": -124.0575228115514}, "datetime": {"datetime": "2024-04-12 14:24:38", "elapsed": 897.366169, "delta": 157.943007}}
{"target": 0.0026530152572899904, "params": {"baseflow": 3.329231884292103, "fff": 3.89692023309611, "fmax": 0.2990138193261218, "frootleaf": 1.802895840928824, "leaflong": 1.7623433776213073, "slatop": 0.006673507048925232, "slopebeta": -876.2785470758084}, "datetime": {"datetime": "2024-04-12 14:27:06", "elapsed": 1045.243453, "delta": 147.877284}}
{"target": 0.001002284789689263, "params": {"baseflow": 3.160356700267183, "fff": 4.55649060359804, "fmax": 0.14900846723795452, "frootleaf": 0.6908601785922581, "leaflong": 0.43930235254498085, "slatop": 0.029566882600290088, "slopebeta": -693.512783591937}, "datetime": {"datetime": "2024-04-12 14:29:33", "elapsed": 1193.118551, "delta": 147.875098}}
{"target": 0.0010892651610703657, "params": {"baseflow": 9.717466310859834, "fff": 3.948706933237246, "fmax": 0.43865804306599665, "frootleaf": 0.545724480272035, "leaflong": 0.781427387953262, "slatop": 0.030023827740513043, "slopebeta": -187.25882482638417}, "datetime": {"datetime": "2024-04-12 14:31:46", "elapsed": 1325.780629, "delta": 132.662078}}
{"target": 0.001229553507997366, "params": {"baseflow": 3.4569335437949436, "fff": 4.547337833421616, "fmax": 0.4762755757099104, "frootleaf": 1.5830322306518, "leaflong": 1.034927547277327, "slatop": 0.02486337204652461, "slopebeta": -876.6408111206398}, "datetime": {"datetime": "2024-04-12 14:34:19", "elapsed": 1478.880576, "delta": 153.099947}}
{"target": 0.0006301822007054391, "params": {"baseflow": 2.121902781680057, "fff": 4.89257112265828, "fmax": 0.6057222462093335, "frootleaf": 1.0255236189601638, "leaflong": 0.9805699987519749, "slatop": 0.024567877549728306, "slopebeta": -592.2014080217444}, "datetime": {"datetime": "2024-04-12 14:36:42", "elapsed": 1621.83326, "delta": 142.952684}}
{"target": 0.0001646399375244896, "params": {"baseflow": 2.8018759315202226, "fff": 4.785333711496108, "fmax": 0.20734534947687078, "frootleaf": 0.33972298138423845, "leaflong": 1.8751069617914804, "slatop": 0.01827462177280601, "slopebeta": -592.6855383979841}, "datetime": {"datetime": "2024-04-12 14:38:55", "elapsed": 1754.494862, "delta": 132.661602}}
{"target": 0.01688702622992839, "params": {"baseflow": 8.708188341182238, "fff": 3.542130560087414, "fmax": 0.24534090942927073, "frootleaf": 1.405102697100008, "leaflong": 1.5815173556400464, "slatop": 0.03266609188878439, "slopebeta": -949.5327228368307}, "datetime": {"datetime": "2024-04-12 14:41:08", "elapsed": 1887.247983, "delta": 132.753121}}
{"target": 0.0016125372664647932, "params": {"baseflow": 9.74244088144587, "fff": 3.5496504788837435, "fmax": 0.42367578276228157, "frootleaf": 0.891359097321082, "leaflong": 1.4375486601419611, "slatop": 0.03018470254836588, "slopebeta": -948.7745133188423}, "datetime": {"datetime": "2024-04-12 14:43:31", "elapsed": 2030.158708, "delta": 142.910725}}
{"target": 0.0015374501612840533, "params": {"baseflow": 3.2253577205228146, "fff": 4.129259863295697, "fmax": 0.31745191953965934, "frootleaf": 1.5478692997535348, "leaflong": 1.9646803368457695, "slatop": 0.00850903214088741, "slopebeta": -875.4129157310838}, "datetime": {"datetime": "2024-04-12 14:45:39", "elapsed": 2158.361463, "delta": 128.202755}}
{"target": 0.000469331660754404, "params": {"baseflow": 9.757368641357427, "fff": 1.656841831607425, "fmax": 0.11972775198717155, "frootleaf": 1.0727359887400858, "leaflong": 1.0091451044965492, "slatop": 0.0358571504826328, "slopebeta": -122.85620120772069}, "datetime": {"datetime": "2024-04-12 14:47:52", "elapsed": 2291.262412, "delta": 132.900949}}
{"target": 0.00189010357276327, "params": {"baseflow": 9.128289738288506, "fff": 2.921065844242038, "fmax": 0.15988280882911124, "frootleaf": 1.6116642929573317, "leaflong": 0.7936208692086426, "slatop": 0.025648727443123846, "slopebeta": -949.6677095472804}, "datetime": {"datetime": "2024-04-12 14:49:59", "elapsed": 2418.927638, "delta": 127.665226}}
{"target": 0.0009297252305975248, "params": {"baseflow": 4.5751156559342, "fff": 1.7877628048910847, "fmax": 0.6918219914544096, "frootleaf": 0.36850631530228783, "leaflong": 0.5484864217469555, "slatop": 0.023895252573845508, "slopebeta": -346.9417121231472}, "datetime": {"datetime": "2024-04-12 14:52:07", "elapsed": 2546.616356, "delta": 127.688718}}
{"target": 0.006068577561819388, "params": {"baseflow": 1.8235542083505185, "fff": 1.12458096612065, "fmax": 0.6160494320999178, "frootleaf": 1.2362548935539734, "leaflong": 0.8293947172849598, "slatop": 0.033625504109256764, "slopebeta": -233.42266464171246}, "datetime": {"datetime": "2024-04-12 14:54:25", "elapsed": 2684.35163, "delta": 137.735274}}
{"target": 0.009982387922646113, "params": {"baseflow": 6.015169292097014, "fff": 0.33820159244981335, "fmax": 0.42331233586895267, "frootleaf": 0.910094529276127, "leaflong": 1.6398680729812154, "slatop": 0.039337131552990456, "slopebeta": -172.68901741167974}, "datetime": {"datetime": "2024-04-12 14:56:53", "elapsed": 2832.517742, "delta": 148.166112}}
{"target": 0.0008378943389557516, "params": {"baseflow": 5.251620438380651, "fff": 2.3926652963714585, "fmax": 0.130864882879587, "frootleaf": 1.861751549509422, "leaflong": 1.9670316730119597, "slatop": 0.02289858265645825, "slopebeta": -546.0627039353863}, "datetime": {"datetime": "2024-04-12 14:59:21", "elapsed": 2980.603878, "delta": 148.086136}}
{"target": 0.0026199433228665274, "params": {"baseflow": 2.2021872199523997, "fff": 3.9659323592727427, "fmax": 0.2781557080077407, "frootleaf": 1.3968428985858294, "leaflong": 1.277389214837309, "slatop": 0.032993128230097396, "slopebeta": -869.9965920657401}, "datetime": {"datetime": "2024-04-12 15:01:34", "elapsed": 3113.449633, "delta": 132.845755}}
{"target": 0.0012696450041047736, "params": {"baseflow": 5.533652352524696, "fff": 0.9656442516136048, "fmax": 0.37279590110535576, "frootleaf": 0.5849474368022343, "leaflong": 1.427496794861178, "slatop": 0.03274639820313727, "slopebeta": -497.2266874357427}, "datetime": {"datetime": "2024-04-12 15:03:47", "elapsed": 3246.221001, "delta": 132.771368}}
{"target": 0.001123299990745088, "params": {"baseflow": 8.88498760352665, "fff": 3.056388688826747, "fmax": 0.11181953634425677, "frootleaf": 1.240282587931259, "leaflong": 0.5716821979554616, "slatop": 0.014178977511998007, "slopebeta": -983.3659774163324}, "datetime": {"datetime": "2024-04-12 15:06:00", "elapsed": 3379.290144, "delta": 133.069143}}
{"target": 0.015387924714133718, "params": {"baseflow": 5.622482747808252, "fff": 4.300925793188059, "fmax": 0.18081729025048754, "frootleaf": 1.7744648517867017, "leaflong": 0.8821285883197332, "slatop": 0.029228047601684376, "slopebeta": -630.5751633991147}, "datetime": {"datetime": "2024-04-12 15:08:17", "elapsed": 3517.078085, "delta": 137.787941}}
{"target": 9.042507275953676e-05, "params": {"baseflow": 8.553544272198373, "fff": 1.5465071183545462, "fmax": 0.4345854618048377, "frootleaf": 0.5420704119656707, "leaflong": 0.9488903327721616, "slatop": 0.021611256417737916, "slopebeta": -738.8704763607692}, "datetime": {"datetime": "2024-04-12 15:10:45", "elapsed": 3664.84485, "delta": 147.766765}}
{"target": 4.3715362344151385e-05, "params": {"baseflow": 5.000761981223699, "fff": 3.3649487653456034, "fmax": 0.49612598246254136, "frootleaf": 0.5878385535160802, "leaflong": 1.9818638484273723, "slatop": 0.033441825081138084, "slopebeta": -857.7968467029674}, "datetime": {"datetime": "2024-04-12 15:13:13", "elapsed": 3812.569528, "delta": 147.724678}}
{"target": 0.00802721091573088, "params": {"baseflow": 5.895209481279244, "fff": 0.4483133548827747, "fmax": 0.23952824000651268, "frootleaf": 0.050052041567474705, "leaflong": 1.540760868399016, "slatop": 0.012543636110790799, "slopebeta": -925.930596903022}, "datetime": {"datetime": "2024-04-12 15:15:26", "elapsed": 3945.347428, "delta": 132.7779}}
{"target": 0.000951610937395445, "params": {"baseflow": 2.052067859929143, "fff": 4.059619786510041, "fmax": 0.131653239541963, "frootleaf": 1.4989433405735628, "leaflong": 1.0693774612289855, "slatop": 0.00529799487804075, "slopebeta": -280.83920224496376}, "datetime": {"datetime": "2024-04-12 15:17:38", "elapsed": 4078.048122, "delta": 132.700694}}
{"target": 0.0002899375167428787, "params": {"baseflow": 2.489277827460954, "fff": 3.6391566302581135, "fmax": 0.5686456227357704, "frootleaf": 1.444570410554942, "leaflong": 1.84413077779912, "slatop": 0.01596348196524479, "slopebeta": -592.6622467049442}, "datetime": {"datetime": "2024-04-12 15:19:51", "elapsed": 4210.770122, "delta": 132.722}}
{"target": 4.787247323388994e-05, "params": {"baseflow": 8.144445762049084, "fff": 0.9225317039184191, "fmax": 0.5718472927211271, "frootleaf": 1.3468628649214742, "leaflong": 1.7290569179807016, "slatop": 0.022451300900113665, "slopebeta": -317.95069534095444}, "datetime": {"datetime": "2024-04-12 15:22:14", "elapsed": 4353.753774, "delta": 142.983652}}
{"target": 0.014854732895048421, "params": {"baseflow": 1.709229749747756, "fff": 0.8564171645021382, "fmax": 0.36503479306150544, "frootleaf": 1.511555808392362, "leaflong": 0.41045050664720345, "slatop": 0.02186577217351511, "slopebeta": -804.5146479168606}, "datetime": {"datetime": "2024-04-12 15:24:27", "elapsed": 4486.692067, "delta": 132.938293}}
{"target": 1.71607465707253e-05, "params": {"baseflow": 2.4966896492992574, "fff": 3.6918862600639577, "fmax": 0.3818569642991616, "frootleaf": 1.9647223485837628, "leaflong": 0.9264478668328606, "slatop": 0.035261711688946845, "slopebeta": -433.06959962318956}, "datetime": {"datetime": "2024-04-12 15:26:45", "elapsed": 4624.666826, "delta": 137.974759}}
{"target": 0.012217446536974826, "params": {"baseflow": 3.2577384849177635, "fff": 0.339035647944627, "fmax": 0.4922631669575075, "frootleaf": 0.9519943555720398, "leaflong": 1.0578803272048636, "slatop": 0.035599833408044526, "slopebeta": -886.927330191868}, "datetime": {"datetime": "2024-04-12 15:29:03", "elapsed": 4762.579658, "delta": 137.912832}}
{"target": 0.021461012488417038, "params": {"baseflow": 5.266178756722906, "fff": 1.7927981546773386, "fmax": 0.33243558056971234, "frootleaf": 1.750461892471239, "leaflong": 1.6938974950178405, "slatop": 0.03070590481713558, "slopebeta": -791.7174976216162}, "datetime": {"datetime": "2024-04-12 15:31:16", "elapsed": 4895.312534, "delta": 132.732876}}
{"target": 0.007349736289027617, "params": {"baseflow": 8.885051596462244, "fff": 3.670771844862568, "fmax": 0.4430344751508528, "frootleaf": 0.7654472102937591, "leaflong": 1.0059862308739853, "slatop": 0.021815867488655605, "slopebeta": -949.7815783754806}, "datetime": {"datetime": "2024-04-12 15:33:43", "elapsed": 5043.113778, "delta": 147.801244}}
{"target": 0.0021545203209858074, "params": {"baseflow": 3.399343344399588, "fff": 0.951548552382683, "fmax": 0.5480360659170166, "frootleaf": 1.313301945502506, "leaflong": 0.47277987566908064, "slatop": 0.020289524523042033, "slopebeta": -887.0404891140238}, "datetime": {"datetime": "2024-04-12 15:36:16", "elapsed": 5195.849985, "delta": 152.736207}}
{"target": 0.0011955685116494634, "params": {"baseflow": 8.669115623810793, "fff": 3.675795413231773, "fmax": 0.5241427952011578, "frootleaf": 1.3606163203290969, "leaflong": 1.0553606907572153, "slatop": 0.035557952653603314, "slopebeta": -948.9728791977328}, "datetime": {"datetime": "2024-04-12 15:38:44", "elapsed": 5343.656572, "delta": 147.806587}}
{"target": 0.005113313924400054, "params": {"baseflow": 1.155408079620548, "fff": 2.4782772433679194, "fmax": 0.16621245873187201, "frootleaf": 0.9871770007968834, "leaflong": 0.9937171154608793, "slatop": 0.020058825368868827, "slopebeta": -188.75250337150953}, "datetime": {"datetime": "2024-04-12 15:41:17", "elapsed": 5496.608271, "delta": 152.951699}}
{"target": 0.010727275884248518, "params": {"baseflow": 6.00904983136558, "fff": 0.335653109118347, "fmax": 0.1093070895138944, "frootleaf": 0.5127999630031365, "leaflong": 1.7268913928562393, "slatop": 0.037792997911663836, "slopebeta": -172.39160535491703}, "datetime": {"datetime": "2024-04-12 15:43:45", "elapsed": 5644.339114, "delta": 147.730843}}
{"target": 0.0011132687009467465, "params": {"baseflow": 9.439989255264102, "fff": 0.8298160570961902, "fmax": 0.6558960242490025, "frootleaf": 1.006632071472049, "leaflong": 1.1553790192670985, "slatop": 0.03758722928152272, "slopebeta": -308.97977819962887}, "datetime": {"datetime": "2024-04-12 15:46:08", "elapsed": 5787.237676, "delta": 142.898562}}
{"target": 1.3029756224567726e-05, "params": {"baseflow": 2.8608950807940414, "fff": 0.9663023407656682, "fmax": 0.3903728111487932, "frootleaf": 1.1715206096720343, "leaflong": 0.992506502836378, "slatop": 0.03195123781085077, "slopebeta": -886.6755311917517}, "datetime": {"datetime": "2024-04-12 15:48:31", "elapsed": 5930.890166, "delta": 143.65249}}
{"target": 0.010378583032727567, "params": {"baseflow": 6.143601159666444, "fff": 0.5486191005848102, "fmax": 0.19973476557954806, "frootleaf": 1.0613854531323725, "leaflong": 1.8750036361068232, "slatop": 0.03219919734901083, "slopebeta": -172.7378711913983}, "datetime": {"datetime": "2024-04-12 15:50:59", "elapsed": 6078.814079, "delta": 147.923913}}
{"target": 3.1712859218008346e-06, "params": {"baseflow": 5.159962215495975, "fff": 3.2708673073755374, "fmax": 0.13988302605796973, "frootleaf": 0.9804161649492511, "leaflong": 0.5914911854492102, "slatop": 0.017861147186586414, "slopebeta": -630.4641802776748}, "datetime": {"datetime": "2024-04-12 15:53:17", "elapsed": 6216.548306, "delta": 137.734227}}
{"target": 0.0019212896949398108, "params": {"baseflow": 5.964279167792203, "fff": 2.6041906869690408, "fmax": 0.5503268931809646, "frootleaf": 1.572169286845218, "leaflong": 0.621090989796456, "slatop": 0.02844790528157612, "slopebeta": -597.7130049366076}, "datetime": {"datetime": "2024-04-12 15:55:35", "elapsed": 6354.443946, "delta": 137.89564}}
{"target": 0.0029665289337498383, "params": {"baseflow": 5.220921927650071, "fff": 1.0437155017579431, "fmax": 0.6680763546860978, "frootleaf": 1.6848233472686611, "leaflong": 1.5977809905463825, "slatop": 0.017250616670191322, "slopebeta": -790.8396935662745}, "datetime": {"datetime": "2024-04-12 15:57:53", "elapsed": 6492.226843, "delta": 137.782897}}
{"target": 0.0012421566139128404, "params": {"baseflow": 1.8830081732539783, "fff": 3.65658478873265, "fmax": 0.27784327623471744, "frootleaf": 0.7412608581542346, "leaflong": 1.9321518306489933, "slatop": 0.006030246941561138, "slopebeta": -921.3552075107099}, "datetime": {"datetime": "2024-04-12 16:00:21", "elapsed": 6640.236244, "delta": 148.009401}}
{"target": 0.00011899574594433463, "params": {"baseflow": 8.946422784561234, "fff": 3.29933742805443, "fmax": 0.6711554296370106, "frootleaf": 1.966739579451928, "leaflong": 1.215899520503295, "slatop": 0.024467151667845008, "slopebeta": -949.4271120987044}, "datetime": {"datetime": "2024-04-12 16:02:40", "elapsed": 6779.978072, "delta": 139.741828}}
{"target": 0.006936644012902047, "params": {"baseflow": 6.041543182966857, "fff": 4.770543040856338, "fmax": 0.13404803868505005, "frootleaf": 1.5536582879578975, "leaflong": 0.8252329822354159, "slatop": 0.011770204996635964, "slopebeta": -630.2144390306638}, "datetime": {"datetime": "2024-04-12 16:04:53", "elapsed": 6912.712472, "delta": 132.7344}}
{"target": 0.00042457812905846156, "params": {"baseflow": 5.434973431259451, "fff": 1.4827531937300065, "fmax": 0.5260939325655719, "frootleaf": 1.2294775683038037, "leaflong": 1.2431506599220319, "slatop": 0.028540580027979625, "slopebeta": -791.9768524209186}, "datetime": {"datetime": "2024-04-12 16:07:06", "elapsed": 7045.447427, "delta": 132.734955}}
{"target": 0.0019469267063047361, "params": {"baseflow": 9.20597557542582, "fff": 4.6072429093420615, "fmax": 0.5644036415951957, "frootleaf": 0.22874561878886485, "leaflong": 0.47825230051911233, "slatop": 0.03481885691112872, "slopebeta": -291.97657431666994}, "datetime": {"datetime": "2024-04-12 16:09:19", "elapsed": 7178.268277, "delta": 132.82085}}
{"target": 0.009248845714115918, "params": {"baseflow": 3.057596863784262, "fff": 0.40008936977446885, "fmax": 0.36029451874818486, "frootleaf": 1.0979066800996062, "leaflong": 1.122371485968075, "slatop": 0.005734120574304993, "slopebeta": -887.301239598735}, "datetime": {"datetime": "2024-04-12 16:11:36", "elapsed": 7316.006023, "delta": 137.737746}}
{"target": 0.003441687855007095, "params": {"baseflow": 5.141412239801485, "fff": 4.448962548229439, "fmax": 0.2729481250042354, "frootleaf": 1.6076583261585558, "leaflong": 1.0912770796567481, "slatop": 0.025085648506128308, "slopebeta": -630.9442807126752}, "datetime": {"datetime": "2024-04-12 16:14:00", "elapsed": 7459.203607, "delta": 143.197584}}
{"target": 0.00843240973325341, "params": {"baseflow": 6.3798278248217475, "fff": 1.0989153275126113, "fmax": 0.48024097684431943, "frootleaf": 0.7638225809334942, "leaflong": 1.2433243831209786, "slatop": 0.03465317478213159, "slopebeta": -172.31129522035224}, "datetime": {"datetime": "2024-04-12 16:16:18", "elapsed": 7597.169002, "delta": 137.965395}}
{"target": 0.0021213208693646826, "params": {"baseflow": 6.389948819556524, "fff": 0.4242432198001673, "fmax": 0.411224004658432, "frootleaf": 0.41661054563755984, "leaflong": 0.6208260764877169, "slatop": 0.03499877777402306, "slopebeta": -172.23011329296423}, "datetime": {"datetime": "2024-04-12 16:18:36", "elapsed": 7735.188627, "delta": 138.019625}}
{"target": 0.0003603411634018962, "params": {"baseflow": 7.099423920265323, "fff": 4.60835932461513, "fmax": 0.24134178170963333, "frootleaf": 1.2495420631225933, "leaflong": 0.9863469052248581, "slatop": 0.010147858982181599, "slopebeta": -691.7119601942052}, "datetime": {"datetime": "2024-04-12 16:20:53", "elapsed": 7872.943741, "delta": 137.755114}}
{"target": 0.011039403384753213, "params": {"baseflow": 9.183758205388722, "fff": 4.229457889382331, "fmax": 0.5297934666267652, "frootleaf": 1.6349227512461786, "leaflong": 1.6512273132719455, "slatop": 0.007007294184185327, "slopebeta": -949.8326036347364}, "datetime": {"datetime": "2024-04-12 16:23:11", "elapsed": 8010.882735, "delta": 137.938994}}
{"target": 0.013534684097864885, "params": {"baseflow": 5.752501266274458, "fff": 0.40502701374984074, "fmax": 0.15539945007688133, "frootleaf": 1.8283822470527213, "leaflong": 0.7480710329464522, "slatop": 0.014406402457186888, "slopebeta": -128.620321124518}, "datetime": {"datetime": "2024-04-12 16:25:19", "elapsed": 8138.600503, "delta": 127.717768}}
{"target": 0.023258110829475195, "params": {"baseflow": 3.4361312277289056, "fff": 0.17355147453742298, "fmax": 0.5973331632137212, "frootleaf": 1.3299502314196379, "leaflong": 0.7010671419066992, "slatop": 0.028906433402178047, "slopebeta": -945.4063418389976}, "datetime": {"datetime": "2024-04-12 16:27:32", "elapsed": 8271.349375, "delta": 132.748872}}
{"target": 0.08055658630865156, "params": {"baseflow": 0.08081074479472816, "fff": 1.1601245212354725, "fmax": 0.1702970145095573, "frootleaf": 1.5626162577096108, "leaflong": 1.2511475072570557, "slatop": 0.017535567333646165, "slopebeta": -840.6038502392673}, "datetime": {"datetime": "2024-04-12 16:29:39", "elapsed": 8399.132735, "delta": 127.78336}}
{"target": 0.019673042303359808, "params": {"baseflow": 0.7418349801872526, "fff": 1.0706281954143262, "fmax": 0.6305126895659748, "frootleaf": 1.0203202597802403, "leaflong": 0.7164405788828407, "slatop": 0.020639735919727512, "slopebeta": -840.7954663299749}, "datetime": {"datetime": "2024-04-12 16:31:47", "elapsed": 8527.106159, "delta": 127.973424}}
