{"target": 0.2361708029273943, "params": {"fff": 0.4739106179323902}, "datetime": {"datetime": "2024-03-18 15:09:09", "elapsed": 0.0, "delta": 0.0}}
{"target": 0.04581183154197542, "params": {"fff": 3.921602081976562}, "datetime": {"datetime": "2024-03-18 15:11:25", "elapsed": 135.866698, "delta": 135.866698}}
{"target": 0.07225936061986538, "params": {"fff": 2.248205234060378}, "datetime": {"datetime": "2024-03-18 15:13:46", "elapsed": 276.700916, "delta": 140.834218}}
{"target": 0.050538024247088746, "params": {"fff": 3.6449793713716123}, "datetime": {"datetime": "2024-03-18 15:16:01", "elapsed": 412.429725, "delta": 135.728809}}
{"target": 0.04026325387734945, "params": {"fff": 4.892148608783353}, "datetime": {"datetime": "2024-03-18 15:18:32", "elapsed": 563.206475, "delta": 150.77675}}
{"target": 0.05778270204046851, "params": {"fff": 2.738629765011125}, "datetime": {"datetime": "2024-03-18 15:20:48", "elapsed": 698.907021, "delta": 135.700546}}
{"target": 0.08412743207703066, "params": {"fff": 2.555490271933696}, "datetime": {"datetime": "2024-03-18 15:23:14", "elapsed": 844.636946, "delta": 145.729925}}
{"target": 0.21966550883921185, "params": {"fff": 0.45305055346283163}, "datetime": {"datetime": "2024-03-18 15:25:29", "elapsed": 980.330752, "delta": 135.693806}}
{"target": 0.11441740768832326, "params": {"fff": 1.415351002499169}, "datetime": {"datetime": "2024-03-18 15:27:35", "elapsed": 1106.009366, "delta": 125.678614}}
{"target": 0.06866917877021063, "params": {"fff": 2.549424254045244}, "datetime": {"datetime": "2024-03-18 15:30:01", "elapsed": 1251.944718, "delta": 145.935352}}
{"target": 0.10880047102392548, "params": {"fff": 1.4154690125033758}, "datetime": {"datetime": "2024-03-18 15:32:17", "elapsed": 1387.813317, "delta": 135.868599}}
{"target": 0.11392786606504031, "params": {"fff": 1.4154022990660873}, "datetime": {"datetime": "2024-03-18 15:34:28", "elapsed": 1518.838062, "delta": 131.024745}}
{"target": 0.2146994398365676, "params": {"fff": 0.4734188118180508}, "datetime": {"datetime": "2024-03-18 15:36:49", "elapsed": 1659.604085, "delta": 140.766023}}
{"target": 0.23646370464025576, "params": {"fff": 0.4525996316023697}, "datetime": {"datetime": "2024-03-18 15:39:05", "elapsed": 1795.598674, "delta": 135.994589}}
{"target": 0.23577493991924395, "params": {"fff": 0.4745828409648102}, "datetime": {"datetime": "2024-03-18 15:41:20", "elapsed": 1931.37219, "delta": 135.773516}}
{"target": 0.2405706817773643, "params": {"fff": 0.4517820965185899}, "datetime": {"datetime": "2024-03-18 15:43:37", "elapsed": 2067.629569, "delta": 136.257379}}
{"target": 0.19694384472872856, "params": {"fff": 0.47597517429853875}, "datetime": {"datetime": "2024-03-18 15:45:53", "elapsed": 2203.67369, "delta": 136.044121}}
{"target": 0.24984911962767556, "params": {"fff": 0.45092878605104436}, "datetime": {"datetime": "2024-03-18 15:48:09", "elapsed": 2339.651024, "delta": 135.977334}}
{"target": 0.24972351459663986, "params": {"fff": 0.45002018551640244}, "datetime": {"datetime": "2024-03-18 15:50:30", "elapsed": 2481.184638, "delta": 141.533614}}
{"target": 0.24105754133652899, "params": {"fff": 0.44885171809937563}, "datetime": {"datetime": "2024-03-18 15:52:51", "elapsed": 2622.287976, "delta": 141.103338}}
{"target": 0.24134967735266427, "params": {"fff": 0.4477788552952706}, "datetime": {"datetime": "2024-03-18 15:55:12", "elapsed": 2763.186794, "delta": 140.898818}}
{"target": 0.24173524013258488, "params": {"fff": 0.4461794473918791}, "datetime": {"datetime": "2024-03-18 15:57:34", "elapsed": 2904.581285, "delta": 141.394491}}
{"target": 0.24191249266054418, "params": {"fff": 0.44480722066788414}, "datetime": {"datetime": "2024-03-18 15:59:55", "elapsed": 3045.632458, "delta": 141.051173}}
{"target": 0.24248437713931126, "params": {"fff": 0.443655718147246}, "datetime": {"datetime": "2024-03-18 16:02:10", "elapsed": 3181.417629, "delta": 135.785171}}
{"target": 0.22285784316114207, "params": {"fff": 0.4423983892016531}, "datetime": {"datetime": "2024-03-18 16:04:27", "elapsed": 3317.548326, "delta": 136.130697}}
{"target": 0.22244788460873816, "params": {"fff": 0.44097619866656723}, "datetime": {"datetime": "2024-03-18 16:06:43", "elapsed": 3453.791223, "delta": 136.242897}}
{"target": 0.25389662381818184, "params": {"fff": 0.4395110096451035}, "datetime": {"datetime": "2024-03-18 16:08:54", "elapsed": 3584.677882, "delta": 130.886659}}
{"target": 0.2538125428680405, "params": {"fff": 0.43827942062775394}, "datetime": {"datetime": "2024-03-18 16:11:15", "elapsed": 3726.108132, "delta": 141.43025}}
{"target": 0.24354523736998376, "params": {"fff": 0.43683168995954924}, "datetime": {"datetime": "2024-03-18 16:13:32", "elapsed": 3862.543874, "delta": 136.435742}}
{"target": 0.22437545036868842, "params": {"fff": 0.4356754547813608}, "datetime": {"datetime": "2024-03-18 16:15:47", "elapsed": 3998.328208, "delta": 135.784334}}
