{"target": 0.12606544014585863, "params": {"baseflow": 0.7630828937395717}, "datetime": {"datetime": "2024-03-15 11:15:20", "elapsed": 0.0, "delta": 0.0}}
{"target": 0.0003513698351271758, "params": {"baseflow": 7.7991879224011464}, "datetime": {"datetime": "2024-03-15 11:17:30", "elapsed": 130.2138, "delta": 130.2138}}
{"target": 0.008698147320288778, "params": {"baseflow": 4.384092314408935}, "datetime": {"datetime": "2024-03-15 11:25:26", "elapsed": 605.9097, "delta": 475.6959}}
{"target": 0.0002426058025438693, "params": {"baseflow": 7.234651778309412}, "datetime": {"datetime": "2024-03-15 11:27:46", "elapsed": 746.145577, "delta": 140.235877}}
{"target": 0.013141948590496198, "params": {"baseflow": 9.779895119966026}, "datetime": {"datetime": "2024-03-15 11:29:51", "elapsed": 871.335736, "delta": 125.190159}}
{"target": 0.005718252489930531, "params": {"baseflow": 5.384958704104337}, "datetime": {"datetime": "2024-03-15 11:32:01", "elapsed": 1001.554038, "delta": 130.218302}}
{"target": 0.0021689787549028033, "params": {"baseflow": 5.011204636599379}, "datetime": {"datetime": "2024-03-15 11:34:12", "elapsed": 1131.986726, "delta": 130.432688}}
{"target": 0.024028563504327628, "params": {"baseflow": 0.7205113335976154}, "datetime": {"datetime": "2024-03-15 11:36:22", "elapsed": 1262.246962, "delta": 130.260236}}
{"target": 0.006505526697174578, "params": {"baseflow": 2.6843898010187117}, "datetime": {"datetime": "2024-03-15 11:38:37", "elapsed": 1397.494947, "delta": 135.247985}}
{"target": 0.0001387298469609596, "params": {"baseflow": 4.9988250082556}, "datetime": {"datetime": "2024-03-15 11:40:48", "elapsed": 1527.692305, "delta": 130.197358}}
{"target": 0.00018300131006618162, "params": {"baseflow": 6.076699284770775}, "datetime": {"datetime": "2024-03-15 11:42:58", "elapsed": 1658.278915, "delta": 130.58661}}
{"target": 0.014997710388540081, "params": {"baseflow": 0.7206487590259192}, "datetime": {"datetime": "2024-03-15 11:45:09", "elapsed": 1788.707244, "delta": 130.428329}}
{"target": 0.01999480976380518, "params": {"baseflow": 0.7632284274754508}, "datetime": {"datetime": "2024-03-15 11:47:19", "elapsed": 1918.942453, "delta": 130.235209}}
{"target": 0.009029501141036109, "params": {"baseflow": 0.7203626407657926}, "datetime": {"datetime": "2024-03-15 11:49:29", "elapsed": 2049.176259, "delta": 130.233806}}
{"target": 0.00030744197800539356, "params": {"baseflow": 8.626602289119619}, "datetime": {"datetime": "2024-03-15 11:51:45", "elapsed": 2184.610784, "delta": 135.434525}}
{"target": 0.003788968228138477, "params": {"baseflow": 1.982132354158428}, "datetime": {"datetime": "2024-03-15 11:54:10", "elapsed": 2329.789906, "delta": 145.179122}}
{"target": 0.01865318222077235, "params": {"baseflow": 0.7630229687198686}, "datetime": {"datetime": "2024-03-15 11:56:25", "elapsed": 2465.17893, "delta": 135.389024}}
{"target": 0.0015883309387854736, "params": {"baseflow": 0.762820024702171}, "datetime": {"datetime": "2024-03-15 11:58:35", "elapsed": 2595.526488, "delta": 130.347558}}
{"target": 0.030797953786983114, "params": {"baseflow": 0.7205596742907971}, "datetime": {"datetime": "2024-03-15 12:00:56", "elapsed": 2735.81334, "delta": 140.286852}}
{"target": 0.021330663236531454, "params": {"baseflow": 0.7635642945964338}, "datetime": {"datetime": "2024-03-15 12:03:54", "elapsed": 2914.540277, "delta": 178.726937}}
{"target": 0.0014865131946233592, "params": {"baseflow": 6.782645433775847}, "datetime": {"datetime": "2024-03-15 12:06:35", "elapsed": 3074.770479, "delta": 160.230202}}
{"target": 0.026211303188183203, "params": {"baseflow": 0.7639197243233042}, "datetime": {"datetime": "2024-03-15 12:09:05", "elapsed": 3225.215498, "delta": 150.445019}}
{"target": 3.249643148948741e-05, "params": {"baseflow": 4.543943385700798}, "datetime": {"datetime": "2024-03-15 12:11:55", "elapsed": 3395.466062, "delta": 170.250564}}
{"target": 0.007982006731748264, "params": {"baseflow": 4.262818266071483}, "datetime": {"datetime": "2024-03-15 12:14:26", "elapsed": 3545.698881, "delta": 150.232819}}
{"target": 7.023137768031554e-06, "params": {"baseflow": 8.984554976554158}, "datetime": {"datetime": "2024-03-15 12:17:06", "elapsed": 3705.978377, "delta": 160.279496}}
{"target": 0.0077251160292224, "params": {"baseflow": 0.763813861488607}, "datetime": {"datetime": "2024-03-15 12:19:36", "elapsed": 3856.279991, "delta": 150.301614}}
{"target": 0.0044298478069179316, "params": {"baseflow": 1.2039583036033985}, "datetime": {"datetime": "2024-03-15 12:24:47", "elapsed": 4166.716428, "delta": 310.436437}}
{"target": 0.01423820110617837, "params": {"baseflow": 0.7642133926352557}, "datetime": {"datetime": "2024-03-15 12:27:27", "elapsed": 4326.999506, "delta": 160.283078}}
{"target": 0.015912436271820138, "params": {"baseflow": 0.7636124929340116}, "datetime": {"datetime": "2024-03-15 12:29:52", "elapsed": 4472.286103, "delta": 145.286597}}
{"target": 0.022526076097009948, "params": {"baseflow": 0.7640647760800912}, "datetime": {"datetime": "2024-03-15 12:32:12", "elapsed": 4612.563474, "delta": 140.277371}}
