{"target": 0.12606544014585863, "params": {"slopebeta": -922.9286277323033}, "datetime": {"datetime": "2024-03-18 10:52:58", "elapsed": 0.0, "delta": 0.0}}
{"target": 0.0953746748727073, "params": {"slopebeta": -212.2820198374842}, "datetime": {"datetime": "2024-03-18 10:55:23", "elapsed": 145.911302, "delta": 145.911302}}
{"target": 0.09558383350804091, "params": {"slopebeta": -557.2066762446975}, "datetime": {"datetime": "2024-03-18 10:57:44", "elapsed": 286.828838, "delta": 140.917536}}
{"target": 0.12620328957934285, "params": {"slopebeta": -269.3001703907494}, "datetime": {"datetime": "2024-03-18 11:00:05", "elapsed": 427.483162, "delta": 140.654324}}
{"target": 0.0567059618970148, "params": {"slopebeta": -12.230592883431314}, "datetime": {"datetime": "2024-03-18 11:02:21", "elapsed": 563.175697, "delta": 135.692535}}
{"target": 0.12620328957934285, "params": {"slopebeta": -456.11917088546204}, "datetime": {"datetime": "2024-03-18 11:05:17", "elapsed": 739.123429, "delta": 175.947732}}
{"target": 0.14321280634108186, "params": {"slopebeta": -493.86833170346273}, "datetime": {"datetime": "2024-03-18 11:07:48", "elapsed": 890.167778, "delta": 151.044349}}
{"target": 0.12591656992030092, "params": {"slopebeta": -927.2283553066409}, "datetime": {"datetime": "2024-03-18 11:10:09", "elapsed": 1031.664928, "delta": 141.49715}}
{"target": 0.12586512675788, "params": {"slopebeta": -728.8766300971101}, "datetime": {"datetime": "2024-03-18 11:12:30", "elapsed": 1172.628967, "delta": 140.964039}}
{"target": 0.12586512675788, "params": {"slopebeta": -495.11867416618446}, "datetime": {"datetime": "2024-03-18 11:14:51", "elapsed": 1313.790233, "delta": 141.161266}}
{"target": 0.1423303217393553, "params": {"slopebeta": -491.47724631818863}, "datetime": {"datetime": "2024-03-18 11:17:12", "elapsed": 1454.831951, "delta": 141.041718}}
{"target": 0.12607591897675008, "params": {"slopebeta": -486.03502658455443}, "datetime": {"datetime": "2024-03-18 11:19:23", "elapsed": 1585.653004, "delta": 130.821053}}
{"target": 0.12591656992030092, "params": {"slopebeta": -263.36748861782723}, "datetime": {"datetime": "2024-03-18 11:21:40", "elapsed": 1722.000267, "delta": 136.347263}}
{"target": 0.12620328957934285, "params": {"slopebeta": -462.0415967139679}, "datetime": {"datetime": "2024-03-18 11:23:46", "elapsed": 1847.968321, "delta": 125.968054}}
{"target": 0.14321280634108186, "params": {"slopebeta": -734.863970178078}, "datetime": {"datetime": "2024-03-18 11:26:11", "elapsed": 1993.704068, "delta": 145.735747}}
{"target": 0.1399271396278419, "params": {"slopebeta": -738.6017154383169}, "datetime": {"datetime": "2024-03-18 11:28:43", "elapsed": 2145.005332, "delta": 151.301264}}
{"target": 0.12620328957934285, "params": {"slopebeta": -743.6421985238765}, "datetime": {"datetime": "2024-03-18 11:30:58", "elapsed": 2280.884457, "delta": 135.879125}}
{"target": 0.12620328957934285, "params": {"slopebeta": -276.7517418217992}, "datetime": {"datetime": "2024-03-18 11:33:34", "elapsed": 2436.889438, "delta": 156.004981}}
{"target": 0.1399271396278419, "params": {"slopebeta": -283.94009827594584}, "datetime": {"datetime": "2024-03-18 11:36:01", "elapsed": 2583.048579, "delta": 146.159141}}
{"target": 0.12591656992030092, "params": {"slopebeta": -288.12167712518317}, "datetime": {"datetime": "2024-03-18 11:38:17", "elapsed": 2718.973482, "delta": 135.924903}}
{"target": 0.12586512675788, "params": {"slopebeta": -469.63319942683495}, "datetime": {"datetime": "2024-03-18 11:40:38", "elapsed": 2860.214845, "delta": 141.241363}}
