{"target": 0.013164738721558617, "params": {"baseflow": 2.954874588888411, "fff": 0.7681124886714912, "fmax": 0.4393314366551361, "frootleaf": 0.5957004030469418, "leaflong": 1.0058130249751718, "slatop": 0.011234885815672516, "slopebeta": -945.1272839228676}, "datetime": {"datetime": "2024-04-12 16:34:00", "elapsed": 8659.862485, "delta": 132.756326}}
{"target": 0.008188721124261288, "params": {"baseflow": 0.9229352197182861, "fff": 1.915594082562832, "fmax": 0.5019488219715282, "frootleaf": 1.2846862666706156, "leaflong": 0.7238279171075586, "slatop": 0.008867487263309479, "slopebeta": -841.9430081419072}, "datetime": {"datetime": "2024-04-12 16:36:23", "elapsed": 8802.630826, "delta": 142.768341}}
{"target": 0.008017743698350295, "params": {"baseflow": 3.3973959645613094, "fff": 0.37448345448905496, "fmax": 0.37259107820920945, "frootleaf": 1.3056005546958513, "leaflong": 1.3089578618499909, "slatop": 0.03616137136233563, "slopebeta": -944.686669685674}, "datetime": {"datetime": "2024-04-12 16:38:41", "elapsed": 8940.69408, "delta": 138.063254}}
{"target": 0.11609579615263646, "params": {"baseflow": 0.9057102389737137, "fff": 0.2031904924070977, "fmax": 0.2894765275505438, "frootleaf": 1.6378409351420837, "leaflong": 1.6714963356364718, "slatop": 0.03949327908775352, "slopebeta": -841.8485454438403}, "datetime": {"datetime": "2024-04-12 16:40:59", "elapsed": 9078.417083, "delta": 137.723003}}
{"target": 0.0322200177415026, "params": {"baseflow": 0.604566596570949, "fff": 1.1900663952218, "fmax": 0.5244450389716122, "frootleaf": 1.169356151279021, "leaflong": 1.269932650602914, "slatop": 0.028334330321770216, "slopebeta": -839.9418362329372}, "datetime": {"datetime": "2024-04-12 16:43:32", "elapsed": 9231.250559, "delta": 152.833476}}
{"target": 0.006656379315797575, "params": {"baseflow": 1.2874599075213289, "fff": 0.9091053516489905, "fmax": 0.19364196373460746, "frootleaf": 1.0715560589991795, "leaflong": 1.139506123552998, "slatop": 0.01157302131424768, "slopebeta": -842.9178303493106}, "datetime": {"datetime": "2024-04-12 16:45:44", "elapsed": 9364.036201, "delta": 132.785642}}
{"target": 0.01676955851189441, "params": {"baseflow": 1.3257445876576912, "fff": 1.314613311983148, "fmax": 0.40478087599490986, "frootleaf": 1.9249962723822285, "leaflong": 1.0043335948354666, "slatop": 0.015254134007736782, "slopebeta": -839.604759237899}, "datetime": {"datetime": "2024-04-12 16:48:27", "elapsed": 9527.03183, "delta": 162.995629}}
{"target": 0.1911977873790804, "params": {"baseflow": 0.327887720922837, "fff": 0.1981848891019901, "fmax": 0.6681859747365557, "frootleaf": 1.623940485829146, "leaflong": 0.6182269097538722, "slatop": 0.023920230848798883, "slopebeta": -842.8837883483559}, "datetime": {"datetime": "2024-04-12 16:50:40", "elapsed": 9659.873355, "delta": 132.841525}}
{"target": 0.0313617010648682, "params": {"baseflow": 0.17710642839488755, "fff": 2.8439495062869367, "fmax": 0.4722834704334137, "frootleaf": 1.2569451762619435, "leaflong": 1.7246294057980045, "slatop": 0.01194421733465929, "slopebeta": -839.9005016527201}, "datetime": {"datetime": "2024-04-12 17:16:49", "elapsed": 0.0, "delta": 0.0}}
{"target": 0.06787100541079716, "params": {"baseflow": 0.013558155422940255, "fff": 1.5436795817489835, "fmax": 0.35850995850754275, "frootleaf": 1.7516820017211088, "leaflong": 0.6134279089503358, "slatop": 0.03410709087317921, "slopebeta": -845.8128209092456}, "datetime": {"datetime": "2024-04-12 17:19:11", "elapsed": 142.76869, "delta": 142.76869}}
{"target": 0.08154197014389795, "params": {"baseflow": 1.1059339165899484, "fff": 0.24606435311503436, "fmax": 0.6776829278228432, "frootleaf": 0.7710840884288823, "leaflong": 1.2059047005091341, "slatop": 0.03802494720265834, "slopebeta": -845.1633973086368}, "datetime": {"datetime": "2024-04-12 17:21:19", "elapsed": 270.664657, "delta": 127.895967}}
{"target": 0.0033273847830775118, "params": {"baseflow": 1.258330470530632, "fff": 1.5715501412188377, "fmax": 0.5278593857568402, "frootleaf": 1.4948994526581938, "leaflong": 0.6089564246763315, "slatop": 0.012329446513993477, "slopebeta": -844.8397270208943}, "datetime": {"datetime": "2024-04-12 17:23:32", "elapsed": 403.633483, "delta": 132.968826}}
{"target": 0.07777456612235209, "params": {"baseflow": 0.48903158695808746, "fff": 0.5886077873100761, "fmax": 0.12932378518478624, "frootleaf": 1.587764315934034, "leaflong": 0.7379401292092401, "slatop": 0.013674087666946546, "slopebeta": -847.7897710705438}, "datetime": {"datetime": "2024-04-12 17:25:45", "elapsed": 536.326756, "delta": 132.693273}}
{"target": 0.07556950888087184, "params": {"baseflow": 0.8845651324429427, "fff": 0.36548586553668116, "fmax": 0.6854197410799695, "frootleaf": 1.2523593451726858, "leaflong": 0.8953320768460622, "slatop": 0.03951277492719736, "slopebeta": -847.3080080661603}, "datetime": {"datetime": "2024-04-12 17:28:13", "elapsed": 684.1001, "delta": 147.773344}}
{"target": 0.2704384472405917, "params": {"baseflow": 0.0, "fff": 0.1, "fmax": 0.7, "frootleaf": 2.0, "leaflong": 0.8574353409601555, "slatop": 0.03946491603627346, "slopebeta": -842.6407359699047}, "datetime": {"datetime": "2024-04-12 17:30:31", "elapsed": 822.192474, "delta": 138.092374}}
{"target": 0.011978583204170673, "params": {"baseflow": 1.341374161119998, "fff": 1.0164943173672436, "fmax": 0.3721396271270698, "frootleaf": 0.8737094671389856, "leaflong": 0.9644822602038374, "slatop": 0.039377688171245304, "slopebeta": -849.3823882680836}, "datetime": {"datetime": "2024-04-12 17:32:44", "elapsed": 954.97726, "delta": 132.784786}}
{"target": 0.03901127989366765, "params": {"baseflow": 0.37055627067195895, "fff": 0.7135963695754602, "fmax": 0.5110637253707891, "frootleaf": 1.3583634001747482, "leaflong": 1.846400199950174, "slatop": 0.01678847215277534, "slopebeta": -841.8193015172742}, "datetime": {"datetime": "2024-04-12 17:35:12", "elapsed": 1102.808151, "delta": 147.830891}}
{"target": 0.04096534603973218, "params": {"baseflow": 0.7510242410095636, "fff": 0.6732312038097608, "fmax": 0.48441586046831464, "frootleaf": 1.8179036645905353, "leaflong": 1.9004406720510667, "slatop": 0.02901231051922524, "slopebeta": -842.6294700932351}, "datetime": {"datetime": "2024-04-12 17:37:35", "elapsed": 1245.813254, "delta": 143.005103}}
{"target": 0.06830185704963435, "params": {"baseflow": 0.8916596095314999, "fff": 0.35165394606974976, "fmax": 0.46745482231581326, "frootleaf": 0.4466753103421976, "leaflong": 0.6484406731624666, "slatop": 0.02591266208145598, "slopebeta": -846.0282550033676}, "datetime": {"datetime": "2024-04-12 17:39:47", "elapsed": 1378.577686, "delta": 132.764432}}
{"target": 0.21188630212350124, "params": {"baseflow": 0.3309018208492076, "fff": 0.168049662994556, "fmax": 0.5639551646351812, "frootleaf": 1.2447630215428196, "leaflong": 1.4785762602490808, "slatop": 0.0061193512278955135, "slopebeta": -845.0268653108984}, "datetime": {"datetime": "2024-04-12 17:42:05", "elapsed": 1516.551697, "delta": 137.974011}}
{"target": 0.047120288437647845, "params": {"baseflow": 0.07463834469699893, "fff": 1.3918694476651645, "fmax": 0.5511514020518401, "frootleaf": 0.6032569101693207, "leaflong": 1.4216803658485033, "slatop": 0.03017039239680576, "slopebeta": -845.0871625398291}, "datetime": {"datetime": "2024-04-12 17:44:28", "elapsed": 1659.553513, "delta": 143.001816}}
{"target": 0.11847831090864884, "params": {"baseflow": 0.10779410472880446, "fff": 0.6076102297952815, "fmax": 0.5265133197047202, "frootleaf": 0.6693550761881563, "leaflong": 1.7605623265139725, "slatop": 0.0328559713130749, "slopebeta": -846.1748451063173}, "datetime": {"datetime": "2024-04-12 17:46:36", "elapsed": 1787.261006, "delta": 127.707493}}
{"target": 0.2462261505301878, "params": {"baseflow": 0.16265195806866029, "fff": 0.10522969324994426, "fmax": 0.13376558382441045, "frootleaf": 0.9393157201231797, "leaflong": 1.8403271966926167, "slatop": 0.012249500164632323, "slopebeta": -844.7811021080252}, "datetime": {"datetime": "2024-04-12 17:48:44", "elapsed": 1915.198471, "delta": 127.937465}}
{"target": 0.06470075172195748, "params": {"baseflow": 1.1738320693914506, "fff": 0.19092382424289991, "fmax": 0.3356967212785288, "frootleaf": 1.3914351908352722, "leaflong": 1.5496851609794275, "slatop": 0.006157093827870036, "slopebeta": -846.1078144777537}, "datetime": {"datetime": "2024-04-12 17:50:47", "elapsed": 2038.014237, "delta": 122.815766}}
{"target": 0.2520196886442555, "params": {"baseflow": 0.23327833860941283, "fff": 0.10682714261777498, "fmax": 0.17488626434481697, "frootleaf": 0.5556898718499732, "leaflong": 1.372952331136768, "slatop": 0.023559343513794143, "slopebeta": -843.2667174946954}, "datetime": {"datetime": "2024-04-12 17:53:35", "elapsed": 2205.83843, "delta": 167.824193}}
{"target": 0.008257147923046756, "params": {"baseflow": 0.11068728894514712, "fff": 4.347200161588018, "fmax": 0.49749216762086024, "frootleaf": 1.8429624260091, "leaflong": 1.7722009266853875, "slatop": 0.023337959627147093, "slopebeta": -791.6431745678603}, "datetime": {"datetime": "2024-04-12 17:55:47", "elapsed": 2338.563174, "delta": 132.724744}}
{"target": 0.001627735399473734, "params": {"baseflow": 2.513780115443228, "fff": 0.8093661686373532, "fmax": 0.10700523688020665, "frootleaf": 0.23368828463234448, "leaflong": 0.4196407262347599, "slatop": 0.025819705088695608, "slopebeta": -951.1430444855421}, "datetime": {"datetime": "2024-04-12 17:58:05", "elapsed": 2476.338842, "delta": 137.775668}}
{"target": 0.11333304427743046, "params": {"baseflow": 0.0897929091332672, "fff": 0.6536281112964778, "fmax": 0.4340525902145521, "frootleaf": 1.5445287818104603, "leaflong": 1.3392235387792226, "slatop": 0.0261135063567867, "slopebeta": -845.885494687582}, "datetime": {"datetime": "2024-04-12 18:00:28", "elapsed": 2619.191101, "delta": 142.852259}}
{"target": 0.24301785372405604, "params": {"baseflow": 0.038800156757080595, "fff": 0.16582385718419895, "fmax": 0.537179888383786, "frootleaf": 1.1543516665619182, "leaflong": 1.0234524907779408, "slatop": 0.011318811272069716, "slopebeta": -844.84797948464}, "datetime": {"datetime": "2024-04-12 18:02:47", "elapsed": 2758.180027, "delta": 138.988926}}
{"target": 0.000231155313904229, "params": {"baseflow": 7.32378897689517, "fff": 1.7890119348254467, "fmax": 0.5008157688713971, "frootleaf": 1.153652390586919, "leaflong": 1.8112269550010132, "slatop": 0.02758358220787182, "slopebeta": 8.802299342822721}, "datetime": {"datetime": "2024-04-12 18:05:15", "elapsed": 2906.109645, "delta": 147.929618}}
{"target": 0.0006672367879012823, "params": {"baseflow": 3.466671594598487, "fff": 2.3559895965324595, "fmax": 0.41973719254084085, "frootleaf": 0.44187784124434654, "leaflong": 1.9715142994506474, "slatop": 0.00962673120393677, "slopebeta": -79.62700431324674}, "datetime": {"datetime": "2024-04-12 18:07:33", "elapsed": 3043.930715, "delta": 137.82107}}
{"target": 0.000236307249014246, "params": {"baseflow": 5.658088194601976, "fff": 1.5039327773556612, "fmax": 0.497595425956847, "frootleaf": 1.060060249666994, "leaflong": 0.5984882679195382, "slatop": 0.0233517890878101, "slopebeta": -387.7303944125031}, "datetime": {"datetime": "2024-04-12 18:09:46", "elapsed": 3176.862797, "delta": 132.932082}}
{"target": 0.008701151919862132, "params": {"baseflow": 1.9870015894741655, "fff": 0.5710135232458761, "fmax": 0.10450934703902195, "frootleaf": 1.7106672282595168, "leaflong": 1.14489744762501, "slatop": 0.007076773901615868, "slopebeta": -466.0770188738728}, "datetime": {"datetime": "2024-04-12 18:11:59", "elapsed": 3309.946769, "delta": 133.083972}}
{"target": 8.901509674682575e-05, "params": {"baseflow": 9.626650005915034, "fff": 0.6224386913916422, "fmax": 0.295166460499714, "frootleaf": 0.18379349249264582, "leaflong": 0.688095939406576, "slatop": 0.009978578141821449, "slopebeta": -661.1953403076093}, "datetime": {"datetime": "2024-04-12 18:14:22", "elapsed": 3452.945137, "delta": 142.998368}}
{"target": 0.0007100884093061935, "params": {"baseflow": 8.076576590124805, "fff": 4.408780269110166, "fmax": 0.6318829904577177, "frootleaf": 0.32083822649578747, "leaflong": 0.9155108134447913, "slatop": 0.014027978593300596, "slopebeta": -18.169662113198}, "datetime": {"datetime": "2024-04-12 18:17:00", "elapsed": 3610.925086, "delta": 157.979949}}
{"target": 0.09555563924055235, "params": {"baseflow": 0.22779369812547468, "fff": 0.769992868494138, "fmax": 0.6304674728396883, "frootleaf": 0.9598811802249974, "leaflong": 0.8984403630197211, "slatop": 0.01143528399018685, "slopebeta": -843.0919531484444}, "datetime": {"datetime": "2024-04-12 18:19:12", "elapsed": 3743.739637, "delta": 132.814551}}
{"target": 0.07070942885489927, "params": {"baseflow": 0.6768873007987741, "fff": 0.4677063115226153, "fmax": 0.10662766113303684, "frootleaf": 0.6506550214813821, "leaflong": 1.6941013156757743, "slatop": 0.039027919975083786, "slopebeta": -844.3293764584075}, "datetime": {"datetime": "2024-04-12 18:21:50", "elapsed": 3901.599842, "delta": 157.860205}}
{"target": 0.03966784192233947, "params": {"baseflow": 0.0012486499531172424, "fff": 3.584056097534179, "fmax": 0.49785265317922023, "frootleaf": 0.7834702079134969, "leaflong": 0.5604171248070333, "slatop": 0.03428944332787523, "slopebeta": -847.9260156063542}, "datetime": {"datetime": "2024-04-12 18:24:03", "elapsed": 4034.395947, "delta": 132.796105}}
{"target": 0.13767742367384445, "params": {"baseflow": 0.4222570221055366, "fff": 0.27698183963178535, "fmax": 0.6800893209473465, "frootleaf": 1.6577436121795561, "leaflong": 1.9203561448114987, "slatop": 0.021066253657355802, "slopebeta": -844.2017695383768}, "datetime": {"datetime": "2024-04-12 18:26:16", "elapsed": 4167.210945, "delta": 132.814998}}
{"target": 0.00031795881691798223, "params": {"baseflow": 9.614229789900365, "fff": 3.9043590043838465, "fmax": 0.42291564937350357, "frootleaf": 0.7782992544645481, "leaflong": 0.8645496848320724, "slatop": 0.009622623199900981, "slopebeta": -257.365923429325}, "datetime": {"datetime": "2024-04-12 18:28:34", "elapsed": 4305.02974, "delta": 137.818795}}
{"target": 0.0027831955410692576, "params": {"baseflow": 1.166279450436225, "fff": 4.094929023895363, "fmax": 0.5116978948616462, "frootleaf": 1.8078437903857452, "leaflong": 0.7913610797369113, "slatop": 0.012909689180246028, "slopebeta": -521.3396813414681}, "datetime": {"datetime": "2024-04-12 18:30:42", "elapsed": 4432.81677, "delta": 127.78703}}
{"target": 0.002258851891843558, "params": {"baseflow": 9.687475802327599, "fff": 3.8290714111905024, "fmax": 0.38209248341845936, "frootleaf": 1.4854840842305, "leaflong": 1.6725911828480726, "slatop": 0.018215585263070003, "slopebeta": -211.07335312351574}, "datetime": {"datetime": "2024-04-12 18:33:05", "elapsed": 4576.19826, "delta": 143.38149}}
{"target": 0.0003213076244425728, "params": {"baseflow": 9.95168518900871, "fff": 1.0907886430047717, "fmax": 0.4988946020387698, "frootleaf": 0.15358051952213603, "leaflong": 1.79692721841632, "slatop": 0.006233329895460986, "slopebeta": -411.110857090144}, "datetime": {"datetime": "2024-04-12 18:35:28", "elapsed": 4718.991217, "delta": 142.792957}}
{"target": 0.10157089989580885, "params": {"baseflow": 0.8929443384899893, "fff": 0.16309932177181516, "fmax": 0.20476475505488517, "frootleaf": 0.23590849796013064, "leaflong": 1.7980082499580312, "slatop": 0.023842959238899484, "slopebeta": -843.5114446315536}, "datetime": {"datetime": "2024-04-12 18:37:41", "elapsed": 4851.940644, "delta": 132.949427}}
{"target": 0.1473731780348512, "params": {"baseflow": 0.11878165643328664, "fff": 0.4931986124117449, "fmax": 0.5033438016210456, "frootleaf": 0.559479661943693, "leaflong": 0.5109429101638061, "slatop": 0.03912132698670065, "slopebeta": -843.963860069517}, "datetime": {"datetime": "2024-04-12 18:39:58", "elapsed": 4989.769273, "delta": 137.828629}}
{"target": 0.0004911550577042136, "params": {"baseflow": 9.477145357301946, "fff": 2.699649645757994, "fmax": 0.633990917882799, "frootleaf": 0.7726752463298769, "leaflong": 0.685445654399184, "slatop": 0.037155578950370305, "slopebeta": -569.1966924133183}, "datetime": {"datetime": "2024-04-12 18:42:21", "elapsed": 5132.694526, "delta": 142.925253}}
{"target": 0.07300297742218728, "params": {"baseflow": 0.6287233193249864, "fff": 0.3072134115155368, "fmax": 0.5149821957383869, "frootleaf": 0.6291318295279588, "leaflong": 1.6497829059532159, "slatop": 0.028503101627820025, "slopebeta": -842.6580849719394}, "datetime": {"datetime": "2024-04-12 18:44:49", "elapsed": 5280.561297, "delta": 147.866771}}
{"target": 0.013093257693758204, "params": {"baseflow": 0.22438168038884432, "fff": 2.534575763810968, "fmax": 0.6562060407684687, "frootleaf": 0.8209292241342098, "leaflong": 1.054173618478473, "slatop": 0.03330137136151187, "slopebeta": -717.5662289595987}, "datetime": {"datetime": "2024-04-12 18:47:17", "elapsed": 5428.366832, "delta": 147.805535}}
{"target": 0.009321251977881808, "params": {"baseflow": 0.6306106045404691, "fff": 3.1582094686478053, "fmax": 0.5058667013749583, "frootleaf": 0.5596138858073098, "leaflong": 1.107148042745695, "slatop": 0.007277384703805602, "slopebeta": -150.75985115509536}, "datetime": {"datetime": "2024-04-12 18:50:15", "elapsed": 5606.190817, "delta": 177.823985}}
{"target": 0.0076175182091082864, "params": {"baseflow": 0.3269985618878468, "fff": 3.9540387670391253, "fmax": 0.24074890680885674, "frootleaf": 1.5885895315168024, "leaflong": 1.8114073025399566, "slatop": 0.02013055740614654, "slopebeta": -102.03018771396864}, "datetime": {"datetime": "2024-04-12 18:52:28", "elapsed": 5739.144768, "delta": 132.953951}}
{"target": 0.0005946127409977655, "params": {"baseflow": 1.1764005977263159, "fff": 4.6055991749042935, "fmax": 0.6855783428079165, "frootleaf": 1.5983302036721545, "leaflong": 0.439695257505339, "slatop": 0.018519672332601288, "slopebeta": -367.40518469393896}, "datetime": {"datetime": "2024-04-12 18:54:41", "elapsed": 5872.230779, "delta": 133.086011}}
{"target": 0.02259784973242708, "params": {"baseflow": 1.9382933714737516, "fff": 0.33538987930964603, "fmax": 0.17086568862303264, "frootleaf": 1.8509791194212384, "leaflong": 1.0012264251426488, "slatop": 0.03087225977082062, "slopebeta": -841.891544337506}, "datetime": {"datetime": "2024-04-12 18:57:09", "elapsed": 6020.270168, "delta": 148.039389}}
{"target": 0.20491596918496607, "params": {"baseflow": 0.15244888651708255, "fff": 0.2327010925640286, "fmax": 0.15035835582227428, "frootleaf": 1.7218774898299396, "leaflong": 1.5801802368138036, "slatop": 0.032284195892453876, "slopebeta": -840.2149804087861}, "datetime": {"datetime": "2024-04-12 18:59:27", "elapsed": 6158.153715, "delta": 137.883547}}
{"target": 0.03623191240313448, "params": {"baseflow": 0.578993334223169, "fff": 0.505181965462072, "fmax": 0.19489844893708086, "frootleaf": 0.6102173836798865, "leaflong": 1.5017849672124348, "slatop": 0.02400370917243563, "slopebeta": -834.3357141351058}, "datetime": {"datetime": "2024-04-12 19:01:50", "elapsed": 6300.961921, "delta": 142.808206}}
{"target": 0.19718937473377987, "params": {"baseflow": 0.38830143865898337, "fff": 0.21982154993689162, "fmax": 0.5367764763015344, "frootleaf": 1.4095457714452433, "leaflong": 1.4558881609406948, "slatop": 0.008037749316662244, "slopebeta": -840.8013729437965}, "datetime": {"datetime": "2024-04-12 19:04:08", "elapsed": 6438.939741, "delta": 137.97782}}
{"target": 0.2235154786182099, "params": {"baseflow": 0.058760317527410955, "fff": 0.27699123463762365, "fmax": 0.38418566451443115, "frootleaf": 1.8706494940445282, "leaflong": 1.854559154255224, "slatop": 0.035263436241816715, "slopebeta": -844.3079076712696}, "datetime": {"datetime": "2024-04-12 19:06:25", "elapsed": 6576.749476, "delta": 137.809735}}
{"target": 0.21661215623193023, "params": {"baseflow": 0.24534691227414696, "fff": 0.2837364706367615, "fmax": 0.24469247729890026, "frootleaf": 0.5938200896252579, "leaflong": 0.7243545081016747, "slatop": 0.0339556671452642, "slopebeta": -842.650569769505}, "datetime": {"datetime": "2024-04-12 19:09:23", "elapsed": 6754.606479, "delta": 177.857003}}
{"target": 0.2623007309909596, "params": {"baseflow": 0.15838023836914128, "fff": 0.12731334940133224, "fmax": 0.19032366644207804, "frootleaf": 1.7502530440673605, "leaflong": 1.9167260351650144, "slatop": 0.004789582952439617, "slopebeta": -839.8958765356119}, "datetime": {"datetime": "2024-04-12 19:11:56", "elapsed": 6907.630354, "delta": 153.023875}}
{"target": 0.27080976134417917, "params": {"baseflow": 0.0, "fff": 0.1, "fmax": 0.7, "frootleaf": 2.0, "leaflong": 2.0, "slatop": 0.004, "slopebeta": -839.672597131005}, "datetime": {"datetime": "2024-04-12 19:14:19", "elapsed": 7050.516651, "delta": 142.886297}}
{"target": 0.12310499519025392, "params": {"baseflow": 0.8532916037545457, "fff": 0.10498837985647097, "fmax": 0.6852896770137609, "frootleaf": 0.9686338021870499, "leaflong": 1.9146910380045017, "slatop": 0.015162703870260684, "slopebeta": -837.7254277612876}, "datetime": {"datetime": "2024-04-12 19:16:27", "elapsed": 7178.477038, "delta": 127.960387}}
{"target": 0.18403479576637402, "params": {"baseflow": 0.35357872438362636, "fff": 0.14343075690396961, "fmax": 0.4376827922019877, "frootleaf": 1.5295067362640224, "leaflong": 1.3508734260815856, "slatop": 0.038127860396480806, "slopebeta": -843.4638385533719}, "datetime": {"datetime": "2024-04-12 19:18:35", "elapsed": 7306.262764, "delta": 127.785726}}
{"target": 0.02429772362277447, "params": {"baseflow": 4.664290458065946, "fff": 0.10885586695982516, "fmax": 0.11932813586292956, "frootleaf": 1.332211636910653, "leaflong": 1.3080063681007261, "slatop": 0.030660517782235806, "slopebeta": -836.9427099212614}, "datetime": {"datetime": "2024-04-12 19:21:03", "elapsed": 7454.166776, "delta": 147.904012}}
