{"target": -8.562090873718262, "params": {"baseflow": 7.630828937395717e-08, "fff": 3.921602081976562, "fmax": 0.36304553886453605, "frootleaf": 1.4510783779944183, "leaflong": 1.9630223801542925, "slatop": 0.023385851334775616, "slopebeta": -493.86833170346273}, "datetime": {"datetime": "2023-04-28 16:40:09", "elapsed": 0.0, "delta": 0.0}}
{"target": -4.429829120635986, "params": {"baseflow": 7.205113335976154e-08, "fff": 1.415351002499169, "fmax": 0.39992950049533593, "frootleaf": 1.3632715423000668, "leaflong": 1.6702815806553508, "slatop": 0.017713880793347382, "slopebeta": -933.4042896250359}, "datetime": {"datetime": "2023-04-28 16:42:17", "elapsed": 128.390288, "delta": 128.390288}}
{"target": -4.39420747756958, "params": {"baseflow": 2.8814559930799353e-07, "fff": 4.5570082858261065, "fmax": 0.2280312121479493, "frootleaf": 0.9124660642081011, "leaflong": 1.8844261130775566, "slatop": 0.004896372191812529, "slopebeta": -393.4455933612362}, "datetime": {"datetime": "2023-04-28 16:44:11", "elapsed": 241.825427, "delta": 113.435139}}
{"target": -4.432101249694824, "params": {"baseflow": 9.501295004136456e-07, "fff": 1.2284841072027277, "fmax": 0.4290939515416182, "frootleaf": 1.8196198241501615, "leaflong": 0.5437246688755403, "slatop": 0.022842852904255573, "slopebeta": -242.08604230694482}, "datetime": {"datetime": "2023-04-28 16:45:59", "elapsed": 350.172898, "delta": 108.347471}}
{"target": -4.392360210418701, "params": {"baseflow": 6.690132408839137e-07, "fff": 2.3919890127504058, "fmax": 0.22290945417867705, "frootleaf": 0.9891702898457749, "leaflong": 0.945606278166899, "slatop": 0.021186441574657183, "slopebeta": -630.4507103616011}, "datetime": {"datetime": "2023-04-28 16:48:22", "elapsed": 493.573066, "delta": 143.400168}}
{"target": -4.3715691566467285, "params": {"baseflow": 8.379179943092606e-07, "fff": 3.866372781945596, "fmax": 0.2883968063275973, "frootleaf": 1.1516612852982486, "leaflong": 0.7837624011955677, "slatop": 0.020302345571670415, "slopebeta": -643.4918503961613}, "datetime": {"datetime": "2023-04-28 16:51:16", "elapsed": 666.993974, "delta": 173.420908}}
{"target": -4.397732734680176, "params": {"baseflow": 6.573994627797582e-07, "fff": 1.9147203066413727, "fmax": 0.3754557867348589, "frootleaf": 1.4428583831804473, "leaflong": 1.0138262729112422, "slatop": 0.03663123768991619, "slopebeta": -817.7438646052916}, "datetime": {"datetime": "2023-04-28 16:53:44", "elapsed": 815.476866, "delta": 148.482892}}
{"target": -4.398896217346191, "params": {"baseflow": 7.411188729132643e-07, "fff": 2.169632813851388, "fmax": 0.3558721436109654, "frootleaf": 1.27424403923817, "leaflong": 1.19848241772762, "slatop": 0.018935895223819957, "slopebeta": -998.5588506316142}, "datetime": {"datetime": "2023-04-28 16:56:33", "elapsed": 983.900708, "delta": 168.423842}}
{"target": -4.368332386016846, "params": {"baseflow": 9.226234584675208e-08, "fff": 3.576032529253543, "fmax": 0.4146073580591183, "frootleaf": 1.3968785200811833, "leaflong": 1.9251867826449156, "slatop": 0.028584898757515034, "slopebeta": -946.3400224203128}, "datetime": {"datetime": "2023-04-28 16:58:46", "elapsed": 1117.289117, "delta": 133.388409}}
{"target": -4.375337600708008, "params": {"baseflow": 3.088526848637971e-07, "fff": 3.003713967884528, "fmax": 0.24107224435447858, "frootleaf": 1.9304674340792118, "leaflong": 1.9076810159718938, "slatop": 0.03454243171015679, "slopebeta": -522.9527637487138}, "datetime": {"datetime": "2023-04-28 17:00:49", "elapsed": 1240.670619, "delta": 123.381502}}
{"target": -4.38263463973999, "params": {"baseflow": 6.434224729033166e-07, "fff": 3.785600985803203, "fmax": 0.297274444193805, "frootleaf": 0.2210755484218545, "leaflong": 0.7556711035211578, "slatop": 0.013359687639109248, "slopebeta": -947.4271145784271}, "datetime": {"datetime": "2023-04-28 17:03:18", "elapsed": 1389.470124, "delta": 148.799505}}
{"target": -4.387221813201904, "params": {"baseflow": 2.636676512778585e-07, "fff": 2.1547147718587962, "fmax": 0.12785032604505878, "frootleaf": 2.0, "leaflong": 1.849420479320137, "slatop": 0.04, "slopebeta": -550.3002396567916}, "datetime": {"datetime": "2023-04-28 17:05:07", "elapsed": 1498.267133, "delta": 108.797009}}
{"target": -4.394320011138916, "params": {"baseflow": 4.989963406917405e-07, "fff": 2.467577963629452, "fmax": 0.12443792552900712, "frootleaf": 1.9467262522974516, "leaflong": 1.1495878437164615, "slatop": 0.016984983904920935, "slopebeta": -858.4623418987542}, "datetime": {"datetime": "2023-04-28 17:07:36", "elapsed": 1646.957334, "delta": 148.690201}}
{"target": -4.44191837310791, "params": {"baseflow": 4.6042770752253446e-07, "fff": 1.1666128775185587, "fmax": 0.1925965330543148, "frootleaf": 1.1404119476910946, "leaflong": 1.6926144615404772, "slatop": 0.02560069427489363, "slopebeta": -353.57143743730273}, "datetime": {"datetime": "2023-04-28 17:09:59", "elapsed": 1790.643803, "delta": 143.686469}}
{"target": -4.448355197906494, "params": {"baseflow": 2.993507919949393e-07, "fff": 1.0786863192485836, "fmax": 0.24092696111105266, "frootleaf": 1.71109494469563, "leaflong": 1.2013141456695167, "slatop": 0.03924525997870429, "slopebeta": -284.20591015761386}, "datetime": {"datetime": "2023-04-28 17:12:18", "elapsed": 1929.301797, "delta": 138.657994}}
{"target": -4.378244400024414, "params": {"baseflow": 7.933102422177999e-07, "fff": 4.326804124049977, "fmax": 0.26474034424069925, "frootleaf": 0.75817741107072, "leaflong": 1.4684952495819306, "slatop": 0.011925749763454447, "slopebeta": -777.6825903395746}, "datetime": {"datetime": "2023-04-28 17:14:42", "elapsed": 2073.1801, "delta": 143.878303}}
{"target": -4.688575744628906, "params": {"baseflow": 2.568432753445232e-07, "fff": 0.2772581190628093, "fmax": 0.3297357078727271, "frootleaf": 0.7678226715781243, "leaflong": 0.9315026470053089, "slatop": 0.00502023434106646, "slopebeta": -738.7078848621863}, "datetime": {"datetime": "2023-04-28 17:17:11", "elapsed": 2221.877376, "delta": 148.697276}}
{"target": -4.36043643951416, "params": {"baseflow": 4.919988157330086e-07, "fff": 4.328992704037464, "fmax": 0.4831430798379055, "frootleaf": 0.8710959950862738, "leaflong": 1.2748891103695452, "slatop": 0.02990344262535058, "slopebeta": -893.9040952424937}, "datetime": {"datetime": "2023-04-28 17:20:04", "elapsed": 2395.675036, "delta": 173.79766}}
{"target": -4.367230415344238, "params": {"baseflow": 1.7292107426838887e-07, "fff": 3.8949705000112895, "fmax": 0.1393781263870957, "frootleaf": 0.71277024430946, "leaflong": 1.4271500247197428, "slatop": 0.02829359415379128, "slopebeta": -201.75732844176423}, "datetime": {"datetime": "2023-04-28 17:22:08", "elapsed": 2519.408129, "delta": 123.733093}}
{"target": -4.490293025970459, "params": {"baseflow": 2.4611768510441746e-07, "fff": 0.8227024136912268, "fmax": 0.20458966425375147, "frootleaf": 1.532493467263269, "leaflong": 0.3673458264987548, "slatop": 0.01523913418237191, "slopebeta": -164.70834477439087}, "datetime": {"datetime": "2023-04-28 17:24:17", "elapsed": 2648.26246, "delta": 128.854331}}
{"target": -4.496133804321289, "params": {"baseflow": 8.528364727838929e-07, "fff": 0.7002313835979216, "fmax": 0.6240564856835689, "frootleaf": 0.8693370213700502, "leaflong": 1.911688216890292, "slatop": 0.03949232812944724, "slopebeta": -682.4969712763428}, "datetime": {"datetime": "2023-04-28 17:25:51", "elapsed": 2741.96306, "delta": 93.7006}}
{"target": -4.354219436645508, "params": {"baseflow": 7.439368965883153e-07, "fff": 5.0, "fmax": 0.7, "frootleaf": 0.015, "leaflong": 0.32, "slatop": 0.004, "slopebeta": -318.91112194802304}, "datetime": {"datetime": "2023-04-28 17:28:40", "elapsed": 2910.734632, "delta": 168.771572}}
{"target": -4.3558197021484375, "params": {"baseflow": 8.479690473173657e-07, "fff": 5.0, "fmax": 0.7, "frootleaf": 0.015, "leaflong": 0.32, "slatop": 0.004, "slopebeta": -591.0578655039127}, "datetime": {"datetime": "2023-04-28 17:30:58", "elapsed": 3049.491205, "delta": 138.756573}}
{"target": -4.354773998260498, "params": {"baseflow": 4.0531193186682534e-07, "fff": 4.670664373308401, "fmax": 0.3068429491526441, "frootleaf": 1.4281477331774761, "leaflong": 1.3712990669896685, "slatop": 0.03896906547874768, "slopebeta": -119.58615203443878}, "datetime": {"datetime": "2023-04-28 17:32:17", "elapsed": 3128.351768, "delta": 78.860563}}
{"target": -4.472697734832764, "params": {"baseflow": 8.813980953421274e-07, "fff": 0.8355186153659384, "fmax": 0.2818792737224535, "frootleaf": 1.7501564677135677, "leaflong": 1.5003726568619504, "slatop": 0.038888305537298204, "slopebeta": -84.56061022121685}, "datetime": {"datetime": "2023-04-28 17:33:51", "elapsed": 3222.086589, "delta": 93.734821}}
{"target": -4.371921062469482, "params": {"baseflow": 8.078280681365773e-07, "fff": 4.658957082339352, "fmax": 0.5016185450554272, "frootleaf": 1.8064683871702594, "leaflong": 1.0668089952597746, "slatop": 0.014636551696566927, "slopebeta": -41.18840107268761}, "datetime": {"datetime": "2023-04-28 17:35:55", "elapsed": 3345.850454, "delta": 123.763865}}
{"target": -4.524631977081299, "params": {"baseflow": 1.2065817641893273e-07, "fff": 0.6977852716608577, "fmax": 0.2589573859698064, "frootleaf": 1.9928902755289029, "leaflong": 0.44453447154986103, "slatop": 0.02115560807794046, "slopebeta": -6.10529357115513}, "datetime": {"datetime": "2023-04-28 17:37:48", "elapsed": 3459.674211, "delta": 113.823757}}
{"target": -4.799902439117432, "params": {"baseflow": 2.555184209196833e-07, "fff": 0.1, "fmax": 0.7, "frootleaf": 2.0, "leaflong": 0.32, "slatop": 0.004, "slopebeta": -425.13513446639604}, "datetime": {"datetime": "2023-04-28 17:39:47", "elapsed": 3578.405282, "delta": 118.731071}}
{"target": -4.453366756439209, "params": {"baseflow": 7.884515898397334e-07, "fff": 1.092746740150602, "fmax": 0.6187048900689779, "frootleaf": 1.8269705404447598, "leaflong": 1.9922349997973223, "slatop": 0.014525003132234192, "slopebeta": -972.8503475987341}, "datetime": {"datetime": "2023-04-28 17:41:56", "elapsed": 3707.265239, "delta": 128.859957}}
{"target": -4.393293380737305, "params": {"baseflow": 4.4566691428173853e-07, "fff": 4.907032507495455, "fmax": 0.6393199330734923, "frootleaf": 0.7828570508475234, "leaflong": 0.3718743732847068, "slatop": 0.0049005834780394535, "slopebeta": -709.454837213952}, "datetime": {"datetime": "2023-04-28 17:44:30", "elapsed": 3861.034477, "delta": 153.769238}}
{"target": -4.566091537475586, "params": {"baseflow": 5.986615262738719e-07, "fff": 0.4817655763774171, "fmax": 0.4819936825501274, "frootleaf": 0.5639042885373837, "leaflong": 0.8949983531137058, "slatop": 0.028322613294330917, "slopebeta": -141.67497038963484}, "datetime": {"datetime": "2023-04-28 17:46:19", "elapsed": 3969.85846, "delta": 108.823983}}
{"target": -4.77842378616333, "params": {"baseflow": 1e-06, "fff": 0.1, "fmax": 0.7, "frootleaf": 0.015, "leaflong": 2.0, "slatop": 0.004, "slopebeta": -61.909177124119005}, "datetime": {"datetime": "2023-04-28 17:48:12", "elapsed": 4083.571205, "delta": 113.712745}}
{"target": -4.631467819213867, "params": {"baseflow": 3.5390488028079966e-07, "fff": 0.3370040274744218, "fmax": 0.6476375551097637, "frootleaf": 0.8612425107375514, "leaflong": 1.1416502662001347, "slatop": 0.03261700281242297, "slopebeta": -797.4342363205145}, "datetime": {"datetime": "2023-04-28 17:50:01", "elapsed": 4192.284629, "delta": 108.713424}}
{"target": -4.369347095489502, "params": {"baseflow": 4.6368234313495867e-07, "fff": 4.995821945361523, "fmax": 0.429930543298396, "frootleaf": 1.489306061039545, "leaflong": 0.9284028788868195, "slatop": 0.012395461792900485, "slopebeta": -838.5552430436712}, "datetime": {"datetime": "2023-04-28 17:52:10", "elapsed": 4321.132918, "delta": 128.848289}}
{"target": -4.73121452331543, "params": {"baseflow": 5.498728459712999e-07, "fff": 0.1959037489303163, "fmax": 0.17657062043851202, "frootleaf": 1.0064260930596969, "leaflong": 0.5471790002118716, "slatop": 0.0068079624523039945, "slopebeta": -220.8268819023799}, "datetime": {"datetime": "2023-04-28 17:54:09", "elapsed": 4439.919401, "delta": 118.786483}}
{"target": -4.354910373687744, "params": {"baseflow": 5.87730765422187e-07, "fff": 5.0, "fmax": 0.1, "frootleaf": 0.015, "leaflong": 0.32, "slatop": 0.004, "slopebeta": -262.85520549950974}, "datetime": {"datetime": "2023-04-28 17:55:52", "elapsed": 4543.63837, "delta": 103.718969}}
{"target": -4.489984035491943, "params": {"baseflow": 1.7548010478113472e-07, "fff": 0.7503992346808254, "fmax": 0.5294541389096421, "frootleaf": 1.747558186436168, "leaflong": 0.8855479590456918, "slatop": 0.0341739098344445, "slopebeta": -374.45483566299765}, "datetime": {"datetime": "2023-04-28 17:58:01", "elapsed": 4672.369925, "delta": 128.731555}}
{"target": -4.778622627258301, "params": {"baseflow": 1e-06, "fff": 0.1, "fmax": 0.7, "frootleaf": 0.015, "leaflong": 0.32, "slatop": 0.004, "slopebeta": -535.1158747677543}, "datetime": {"datetime": "2023-04-28 18:00:25", "elapsed": 4816.183254, "delta": 143.813329}}
{"target": -4.770149230957031, "params": {"baseflow": 4.774689833063713e-07, "fff": 0.11059109939775602, "fmax": 0.6895808209324207, "frootleaf": 1.161135234417859, "leaflong": 1.8703010653325414, "slatop": 0.03562810028965231, "slopebeta": -570.4272651705081}, "datetime": {"datetime": "2023-04-28 18:02:24", "elapsed": 4935.610716, "delta": 119.427462}}
{"target": -4.579609394073486, "params": {"baseflow": 4.956177264594493e-07, "fff": 0.4244804686675927, "fmax": 0.5088085307938497, "frootleaf": 0.5442692682478041, "leaflong": 1.8253686174125074, "slatop": 0.031127900476728202, "slopebeta": -609.0255077801553}, "datetime": {"datetime": "2023-04-28 18:04:13", "elapsed": 5044.323364, "delta": 108.712648}}
{"target": -4.3548264503479, "params": {"baseflow": 5.690664797141139e-07, "fff": 5.0, "fmax": 0.7, "frootleaf": 0.015, "leaflong": 0.32, "slatop": 0.004, "slopebeta": -912.7886733537844}, "datetime": {"datetime": "2023-04-28 18:05:47", "elapsed": 5138.002078, "delta": 93.678714}}
{"target": -4.740869998931885, "params": {"baseflow": 1.2706686075194561e-07, "fff": 0.16956460455858988, "fmax": 0.494455855624389, "frootleaf": 0.9771803805885384, "leaflong": 0.8533718654951454, "slatop": 0.013385082089690107, "slopebeta": -184.40586841145853}, "datetime": {"datetime": "2023-04-28 18:07:06", "elapsed": 5216.831981, "delta": 78.829903}}
{"target": -4.653845310211182, "params": {"baseflow": 7.432803048544918e-07, "fff": 0.2863211942830849, "fmax": 0.2180528851993236, "frootleaf": 0.6084142754210923, "leaflong": 0.346753585103453, "slatop": 0.030001339841209163, "slopebeta": -102.75677790435839}, "datetime": {"datetime": "2023-04-28 18:08:29", "elapsed": 5300.549836, "delta": 83.717855}}
{"target": -4.395380020141602, "params": {"baseflow": 7.523672244947259e-07, "fff": 4.400381449543248, "fmax": 0.4792800911661378, "frootleaf": 0.5428701190084153, "leaflong": 1.3064259178376982, "slatop": 0.005488512049082239, "slopebeta": -663.3490071993751}, "datetime": {"datetime": "2023-04-28 18:09:53", "elapsed": 5384.239255, "delta": 83.689419}}
{"target": -4.772202014923096, "params": {"baseflow": 1e-06, "fff": 0.1, "fmax": 0.1, "frootleaf": 2.0, "leaflong": 2.0, "slatop": 0.04, "slopebeta": -335.0266880717618}, "datetime": {"datetime": "2023-04-28 18:11:27", "elapsed": 5477.895113, "delta": 93.655858}}
{"target": -4.658231735229492, "params": {"baseflow": 4.923776202913602e-07, "fff": 0.2820455103151064, "fmax": 0.5715179783035037, "frootleaf": 1.5291024828318636, "leaflong": 1.7489686192961433, "slatop": 0.03557594814142798, "slopebeta": -303.0962645006416}, "datetime": {"datetime": "2023-04-28 18:12:45", "elapsed": 5556.59577, "delta": 78.700657}}
{"target": -4.429739475250244, "params": {"baseflow": 8.545659907200922e-07, "fff": 4.7886781484706535, "fmax": 0.6304174428948405, "frootleaf": 1.8756405315085147, "leaflong": 1.6472878788332652, "slatop": 0.01956829473556389, "slopebeta": 9.842111412376198}, "datetime": {"datetime": "2023-04-28 18:14:04", "elapsed": 5635.369479, "delta": 78.773709}}
{"target": -4.349807262420654, "params": {"baseflow": 1e-06, "fff": 5.0, "fmax": 0.7, "frootleaf": 2.0, "leaflong": 0.32, "slatop": 0.04, "slopebeta": -759.7434504375296}, "datetime": {"datetime": "2023-04-28 18:15:38", "elapsed": 5729.243137, "delta": 93.873658}}
{"target": -4.5782976150512695, "params": {"baseflow": 4.354329342951721e-07, "fff": 0.43449156424621893, "fmax": 0.10187828104221695, "frootleaf": 1.729224721079903, "leaflong": 1.8926837203832152, "slatop": 0.030504561230077575, "slopebeta": -876.8065916817332}, "datetime": {"datetime": "2023-04-28 18:17:12", "elapsed": 5823.003484, "delta": 93.760347}}
{"target": -4.3882155418396, "params": {"baseflow": 7.213746136788433e-07, "fff": 4.9083126734806575, "fmax": 0.23546307952408313, "frootleaf": 1.4940068413341587, "leaflong": 0.9925852623087856, "slatop": 0.011119895013771072, "slopebeta": -25.273029237019387}, "datetime": {"datetime": "2023-04-28 18:18:56", "elapsed": 5926.747301, "delta": 103.743817}}
{"target": -4.3774590492248535, "params": {"baseflow": 8.533421561428001e-07, "fff": 4.341879547791317, "fmax": 0.35702718809298506, "frootleaf": 0.372255980899653, "leaflong": 1.1082087756447128, "slatop": 0.013191574653806165, "slopebeta": -447.71073244512877}, "datetime": {"datetime": "2023-04-28 18:20:09", "elapsed": 6000.579735, "delta": 73.832434}}
{"target": -4.589303493499756, "params": {"baseflow": 3.503578504861574e-07, "fff": 0.4276325820150536, "fmax": 0.504741725063529, "frootleaf": 1.7926558496225764, "leaflong": 1.819373952091445, "slatop": 0.015598330930475617, "slopebeta": -697.256193020093}, "datetime": {"datetime": "2023-04-28 18:21:33", "elapsed": 6084.325172, "delta": 83.745437}}
{"target": -4.353808879852295, "params": {"baseflow": 9.826562396833348e-07, "fff": 4.951739552104045, "fmax": 0.3828298823775932, "frootleaf": 0.14046018164711588, "leaflong": 1.423979877023147, "slatop": 0.037696061403862835, "slopebeta": -407.48463579471127}, "datetime": {"datetime": "2023-04-28 18:22:57", "elapsed": 6168.357715, "delta": 84.032543}}
{"target": -4.351988792419434, "params": {"baseflow": 9.479646074529797e-07, "fff": 4.981440641972352, "fmax": 0.14952203557263827, "frootleaf": 0.11731576539964038, "leaflong": 1.699067725544987, "slatop": 0.03522886354341366, "slopebeta": -984.7220156381968}, "datetime": {"datetime": "2023-04-28 18:24:36", "elapsed": 6267.162083, "delta": 98.804368}}
{"target": -4.771517276763916, "params": {"baseflow": 6.130014869993494e-08, "fff": 0.1, "fmax": 0.1, "frootleaf": 0.015, "leaflong": 2.0, "slatop": 0.04, "slopebeta": -721.4823335409666}, "datetime": {"datetime": "2023-04-28 18:26:00", "elapsed": 6351.184906, "delta": 84.022823}}
{"target": -4.775002479553223, "params": {"baseflow": 1e-06, "fff": 0.1, "fmax": 0.7, "frootleaf": 2.0, "leaflong": 2.0, "slatop": 0.04, "slopebeta": -254.2631992399007}, "datetime": {"datetime": "2023-04-28 18:27:24", "elapsed": 6435.000429, "delta": 83.815523}}
{"target": -4.359586715698242, "params": {"baseflow": 9.995279549512094e-07, "fff": 4.945513197307206, "fmax": 0.39099382915732905, "frootleaf": 1.7945726422922041, "leaflong": 1.242630724829275, "slatop": 0.022700189277134436, "slopebeta": -272.64501749790145}, "datetime": {"datetime": "2023-04-28 18:28:43", "elapsed": 6513.856182, "delta": 78.855753}}
{"target": -4.35260009765625, "params": {"baseflow": 1.7337098732667398e-07, "fff": 4.877802088195269, "fmax": 0.31729055112448457, "frootleaf": 1.229004261433798, "leaflong": 1.7231429011598887, "slatop": 0.03276625759033547, "slopebeta": -960.0238108587719}, "datetime": {"datetime": "2023-04-28 18:30:17", "elapsed": 6607.753663, "delta": 93.897481}}
{"target": -4.709983825683594, "params": {"baseflow": 5.890678978656497e-07, "fff": 0.20501837308478055, "fmax": 0.1533687549138702, "frootleaf": 0.6661611816170104, "leaflong": 1.3819123651124567, "slatop": 0.03103288803197846, "slopebeta": -903.431597173293}, "datetime": {"datetime": "2023-04-28 18:32:05", "elapsed": 6716.563332, "delta": 108.809669}}
{"target": -4.7968645095825195, "params": {"baseflow": 0.0, "fff": 0.1, "fmax": 0.1, "frootleaf": 2.0, "leaflong": 0.32, "slatop": 0.004, "slopebeta": -768.2982634040202}, "datetime": {"datetime": "2023-04-28 18:33:34", "elapsed": 6805.516821, "delta": 88.953489}}
{"target": -4.775552272796631, "params": {"baseflow": 1e-06, "fff": 0.1, "fmax": 0.1, "frootleaf": 2.0, "leaflong": 2.0, "slatop": 0.04, "slopebeta": -458.60759877283454}, "datetime": {"datetime": "2023-04-28 18:35:28", "elapsed": 6919.276803, "delta": 113.759982}}
{"target": -4.7108988761901855, "params": {"baseflow": 1.3414872346314909e-07, "fff": 0.24416283285147436, "fmax": 0.16910557917655566, "frootleaf": 1.196356267686, "leaflong": 0.34641343668548796, "slatop": 0.0064066383604150234, "slopebeta": -827.8853349540468}, "datetime": {"datetime": "2023-04-28 18:37:52", "elapsed": 7063.11043, "delta": 143.833627}}
{"target": -4.761328220367432, "params": {"baseflow": 1.437957401049501e-07, "fff": 0.12944234835227536, "fmax": 0.504063882698564, "frootleaf": 0.3426417421491617, "leaflong": 1.5578682513970783, "slatop": 0.020765526047941164, "slopebeta": -848.5090810393599}, "datetime": {"datetime": "2023-04-28 18:39:41", "elapsed": 7171.93544, "delta": 108.82501}}
{"target": -4.3519392013549805, "params": {"baseflow": 0.0, "fff": 5.0, "fmax": 0.7, "frootleaf": 0.015, "leaflong": 0.32, "slatop": 0.004, "slopebeta": -130.20700731504263}, "datetime": {"datetime": "2023-04-28 18:41:45", "elapsed": 7295.766739, "delta": 123.831299}}
{"target": -4.3704376220703125, "params": {"baseflow": 6.224590068883734e-07, "fff": 4.486052648926009, "fmax": 0.5438244417630647, "frootleaf": 1.85452605270077, "leaflong": 1.8810502159709634, "slatop": 0.016387904021243495, "slopebeta": -922.2046840239234}, "datetime": {"datetime": "2023-04-28 18:43:23", "elapsed": 7394.662955, "delta": 98.896216}}
